00:28:22.889 [SpringApplicationShutdownHook] INFO  o.q.c.QuartzScheduler - [standby,585] - Scheduler quartzScheduler_$_NON_CLUSTERED paused.
00:28:23.749 [SpringApplicationShutdownHook] INFO  o.q.c.QuartzScheduler - [shutdown,666] - Scheduler quartzScheduler_$_NON_CLUSTERED shutting down.
00:28:23.749 [SpringApplicationShutdownHook] INFO  o.q.c.QuartzScheduler - [standby,585] - Scheduler quartzScheduler_$_NON_CLUSTERED paused.
00:28:23.750 [SpringApplicationShutdownHook] INFO  o.q.c.QuartzScheduler - [shutdown,740] - Scheduler quartzScheduler_$_NON_CLUSTERED shutdown complete.
00:28:23.751 [SpringApplicationShutdownHook] INFO  sys-user - [shutdownAsyncManager,28] - ====关闭后台任务任务线程池====
00:28:23.760 [SpringApplicationShutdownHook] INFO  c.a.d.p.DruidDataSource - [close,2051] - {dataSource-1} closing ...
00:28:23.767 [SpringApplicationShutdownHook] INFO  c.a.d.p.DruidDataSource - [close,2124] - {dataSource-1} closed
00:28:32.183 [restartedMain] INFO  c.u.RuoYiApplication - [logStarting,55] - Starting RuoYiApplication using Java 1.8.0_432 on PC-20231006VALD with PID 15132 (C:\Users\Administrator\Desktop\xlzp\service\ueit-admin\target\classes started by Administrator in C:\Users\Administrator\Desktop\xlzp)
00:28:32.187 [restartedMain] INFO  c.u.RuoYiApplication - [logStartupProfileInfo,686] - The following 1 profile is active: "prod"
00:28:32.193 [background-preinit] INFO  o.h.v.i.util.Version - [<clinit>,21] - HV000001: Hibernate Validator 6.2.3.Final
00:28:37.108 [restartedMain] INFO  o.a.c.h.Http11NioProtocol - [log,173] - Initializing ProtocolHandler ["http-nio-8080"]
00:28:37.109 [restartedMain] INFO  o.a.c.c.StandardService - [log,173] - Starting service [Tomcat]
00:28:37.109 [restartedMain] INFO  o.a.c.c.StandardEngine - [log,173] - Starting Servlet engine: [Apache Tomcat/9.0.63]
00:28:37.260 [restartedMain] INFO  o.a.c.c.C.[.[.[/] - [log,173] - Initializing Spring embedded WebApplicationContext
00:28:40.031 [restartedMain] INFO  c.a.d.p.DruidDataSource - [init,972] - {dataSource-1} inited
00:28:41.908 [restartedMain] INFO  c.a.d.p.DruidDataSource - [close,2051] - {dataSource-1} closing ...
00:28:41.913 [restartedMain] INFO  c.a.d.p.DruidDataSource - [close,2124] - {dataSource-1} closed
00:28:42.054 [restartedMain] INFO  o.a.c.c.StandardService - [log,173] - Stopping service [Tomcat]
00:31:39.100 [restartedMain] INFO  c.u.RuoYiApplication - [logStarting,55] - Starting RuoYiApplication using Java 1.8.0_432 on PC-20231006VALD with PID 23300 (C:\Users\Administrator\Desktop\xlzp\service\ueit-admin\target\classes started by Administrator in C:\Users\Administrator\Desktop\xlzp)
00:31:39.105 [restartedMain] INFO  c.u.RuoYiApplication - [logStartupProfileInfo,686] - The following 1 profile is active: "prod"
00:31:39.113 [background-preinit] INFO  o.h.v.i.util.Version - [<clinit>,21] - HV000001: Hibernate Validator 6.2.3.Final
00:31:42.505 [restartedMain] INFO  o.a.c.h.Http11NioProtocol - [log,173] - Initializing ProtocolHandler ["http-nio-8080"]
00:31:42.506 [restartedMain] INFO  o.a.c.c.StandardService - [log,173] - Starting service [Tomcat]
00:31:42.506 [restartedMain] INFO  o.a.c.c.StandardEngine - [log,173] - Starting Servlet engine: [Apache Tomcat/9.0.63]
00:31:42.608 [restartedMain] INFO  o.a.c.c.C.[.[.[/] - [log,173] - Initializing Spring embedded WebApplicationContext
00:31:44.645 [restartedMain] INFO  c.a.d.p.DruidDataSource - [init,972] - {dataSource-1} inited
00:31:47.057 [restartedMain] INFO  o.q.i.StdSchedulerFactory - [instantiate,1220] - Using default implementation for ThreadExecutor
00:31:47.069 [restartedMain] INFO  o.q.c.SchedulerSignalerImpl - [<init>,61] - Initialized Scheduler Signaller of type: class org.quartz.core.SchedulerSignalerImpl
00:31:47.069 [restartedMain] INFO  o.q.c.QuartzScheduler - [<init>,229] - Quartz Scheduler v.2.3.2 created.
00:31:47.070 [restartedMain] INFO  o.q.s.RAMJobStore - [initialize,155] - RAMJobStore initialized.
00:31:47.071 [restartedMain] INFO  o.q.c.QuartzScheduler - [initialize,294] - Scheduler meta-data: Quartz Scheduler (v2.3.2) 'quartzScheduler' with instanceId 'NON_CLUSTERED'
  Scheduler class: 'org.quartz.core.QuartzScheduler' - running locally.
  NOT STARTED.
  Currently in standby mode.
  Number of jobs executed: 0
  Using thread pool 'org.quartz.simpl.SimpleThreadPool' - with 10 threads.
  Using job-store 'org.quartz.simpl.RAMJobStore' - which does not support persistence. and is not clustered.

00:31:47.071 [restartedMain] INFO  o.q.i.StdSchedulerFactory - [instantiate,1374] - Quartz scheduler 'quartzScheduler' initialized from an externally provided properties instance.
00:31:47.071 [restartedMain] INFO  o.q.i.StdSchedulerFactory - [instantiate,1378] - Quartz scheduler version: 2.3.2
00:31:47.072 [restartedMain] INFO  o.q.c.QuartzScheduler - [setJobFactory,2293] - JobFactory set to: org.springframework.scheduling.quartz.SpringBeanJobFactory@3dbdc82f
00:31:49.102 [restartedMain] INFO  o.a.c.h.Http11NioProtocol - [log,173] - Starting ProtocolHandler ["http-nio-8080"]
00:31:49.410 [restartedMain] INFO  o.q.c.QuartzScheduler - [start,547] - Scheduler quartzScheduler_$_NON_CLUSTERED started.
00:31:49.420 [restartedMain] INFO  c.u.RuoYiApplication - [logStarted,61] - Started RuoYiApplication in 11.022 seconds (JVM running for 12.911)
00:33:37.163 [http-nio-8080-exec-1] INFO  o.a.c.c.C.[.[.[/] - [log,173] - Initializing Spring DispatcherServlet 'dispatcherServlet'
10:08:49.649 [restartedMain] INFO  c.u.RuoYiApplication - [logStarting,55] - Starting RuoYiApplication using Java 1.8.0_432 on PC-20231006VALD with PID 3764 (C:\Users\Administrator\Desktop\xlzp\service\ueit-admin\target\classes started by Administrator in C:\Users\Administrator\Desktop\xlzp)
10:08:49.654 [restartedMain] INFO  c.u.RuoYiApplication - [logStartupProfileInfo,686] - The following 1 profile is active: "prod"
10:08:49.667 [background-preinit] INFO  o.h.v.i.util.Version - [<clinit>,21] - HV000001: Hibernate Validator 6.2.3.Final
10:08:53.419 [restartedMain] INFO  o.a.c.h.Http11NioProtocol - [log,173] - Initializing ProtocolHandler ["http-nio-8080"]
10:08:53.420 [restartedMain] INFO  o.a.c.c.StandardService - [log,173] - Starting service [Tomcat]
10:08:53.420 [restartedMain] INFO  o.a.c.c.StandardEngine - [log,173] - Starting Servlet engine: [Apache Tomcat/9.0.63]
10:08:53.556 [restartedMain] INFO  o.a.c.c.C.[.[.[/] - [log,173] - Initializing Spring embedded WebApplicationContext
10:08:55.868 [restartedMain] INFO  c.a.d.p.DruidDataSource - [init,972] - {dataSource-1} inited
10:08:58.346 [restartedMain] INFO  o.q.i.StdSchedulerFactory - [instantiate,1220] - Using default implementation for ThreadExecutor
10:08:58.366 [restartedMain] INFO  o.q.c.SchedulerSignalerImpl - [<init>,61] - Initialized Scheduler Signaller of type: class org.quartz.core.SchedulerSignalerImpl
10:08:58.366 [restartedMain] INFO  o.q.c.QuartzScheduler - [<init>,229] - Quartz Scheduler v.2.3.2 created.
10:08:58.367 [restartedMain] INFO  o.q.s.RAMJobStore - [initialize,155] - RAMJobStore initialized.
10:08:58.368 [restartedMain] INFO  o.q.c.QuartzScheduler - [initialize,294] - Scheduler meta-data: Quartz Scheduler (v2.3.2) 'quartzScheduler' with instanceId 'NON_CLUSTERED'
  Scheduler class: 'org.quartz.core.QuartzScheduler' - running locally.
  NOT STARTED.
  Currently in standby mode.
  Number of jobs executed: 0
  Using thread pool 'org.quartz.simpl.SimpleThreadPool' - with 10 threads.
  Using job-store 'org.quartz.simpl.RAMJobStore' - which does not support persistence. and is not clustered.

10:08:58.368 [restartedMain] INFO  o.q.i.StdSchedulerFactory - [instantiate,1374] - Quartz scheduler 'quartzScheduler' initialized from an externally provided properties instance.
10:08:58.368 [restartedMain] INFO  o.q.i.StdSchedulerFactory - [instantiate,1378] - Quartz scheduler version: 2.3.2
10:08:58.368 [restartedMain] INFO  o.q.c.QuartzScheduler - [setJobFactory,2293] - JobFactory set to: org.springframework.scheduling.quartz.SpringBeanJobFactory@35f09f4e
10:09:00.400 [restartedMain] INFO  o.a.c.h.Http11NioProtocol - [log,173] - Starting ProtocolHandler ["http-nio-8080"]
10:09:00.705 [restartedMain] INFO  o.q.c.QuartzScheduler - [start,547] - Scheduler quartzScheduler_$_NON_CLUSTERED started.
10:09:00.714 [restartedMain] INFO  c.u.RuoYiApplication - [logStarted,61] - Started RuoYiApplication in 11.641 seconds (JVM running for 13.617)
12:43:20.669 [lettuce-nioEventLoop-4-1] INFO  i.l.c.p.CommandHandler - [log,217] - null Unexpected exception during request: java.io.IOException: 远程主机强迫关闭了一个现有的连接。
java.io.IOException: 远程主机强迫关闭了一个现有的连接。
	at sun.nio.ch.SocketDispatcher.read0(Native Method)
	at sun.nio.ch.SocketDispatcher.read(SocketDispatcher.java:43)
	at sun.nio.ch.IOUtil.readIntoNativeBuffer(IOUtil.java:223)
	at sun.nio.ch.IOUtil.read(IOUtil.java:192)
	at sun.nio.ch.SocketChannelImpl.read(SocketChannelImpl.java:379)
	at io.netty.buffer.PooledByteBuf.setBytes(PooledByteBuf.java:258)
	at io.netty.buffer.AbstractByteBuf.writeBytes(AbstractByteBuf.java:1132)
	at io.netty.channel.socket.nio.NioSocketChannel.doReadBytes(NioSocketChannel.java:357)
	at io.netty.channel.nio.AbstractNioByteChannel$NioByteUnsafe.read(AbstractNioByteChannel.java:151)
	at io.netty.channel.nio.NioEventLoop.processSelectedKey(NioEventLoop.java:722)
	at io.netty.channel.nio.NioEventLoop.processSelectedKeysOptimized(NioEventLoop.java:658)
	at io.netty.channel.nio.NioEventLoop.processSelectedKeys(NioEventLoop.java:584)
	at io.netty.channel.nio.NioEventLoop.run(NioEventLoop.java:496)
	at io.netty.util.concurrent.SingleThreadEventExecutor$4.run(SingleThreadEventExecutor.java:995)
	at io.netty.util.internal.ThreadExecutorMap$2.run(ThreadExecutorMap.java:74)
	at io.netty.util.concurrent.FastThreadLocalRunnable.run(FastThreadLocalRunnable.java:30)
	at java.lang.Thread.run(Thread.java:750)
12:43:20.752 [lettuce-eventExecutorLoop-1-2] INFO  i.l.c.p.ConnectionWatchdog - [log,171] - Reconnecting, last destination was /127.0.0.1:6379
12:43:27.031 [lettuce-eventExecutorLoop-1-5] INFO  i.l.c.p.ConnectionWatchdog - [log,171] - Reconnecting, last destination was 127.0.0.1:6379
12:43:33.432 [lettuce-eventExecutorLoop-1-2] INFO  i.l.c.p.ConnectionWatchdog - [log,171] - Reconnecting, last destination was 127.0.0.1:6379
12:43:40.632 [lettuce-eventExecutorLoop-1-8] INFO  i.l.c.p.ConnectionWatchdog - [log,171] - Reconnecting, last destination was 127.0.0.1:6379
12:43:48.131 [lettuce-eventExecutorLoop-1-6] INFO  i.l.c.p.ConnectionWatchdog - [log,171] - Reconnecting, last destination was 127.0.0.1:6379
12:43:54.331 [lettuce-eventExecutorLoop-1-1] INFO  i.l.c.p.ConnectionWatchdog - [log,171] - Reconnecting, last destination was 127.0.0.1:6379
12:44:04.634 [lettuce-eventExecutorLoop-1-4] INFO  i.l.c.p.ConnectionWatchdog - [log,171] - Reconnecting, last destination was 127.0.0.1:6379
12:44:23.132 [lettuce-eventExecutorLoop-1-6] INFO  i.l.c.p.ConnectionWatchdog - [log,171] - Reconnecting, last destination was 127.0.0.1:6379
12:44:23.402 [SpringApplicationShutdownHook] INFO  o.q.c.QuartzScheduler - [standby,585] - Scheduler quartzScheduler_$_NON_CLUSTERED paused.
12:44:24.410 [SpringApplicationShutdownHook] INFO  o.q.c.QuartzScheduler - [shutdown,666] - Scheduler quartzScheduler_$_NON_CLUSTERED shutting down.
12:44:24.411 [SpringApplicationShutdownHook] INFO  o.q.c.QuartzScheduler - [standby,585] - Scheduler quartzScheduler_$_NON_CLUSTERED paused.
12:44:24.414 [SpringApplicationShutdownHook] INFO  o.q.c.QuartzScheduler - [shutdown,740] - Scheduler quartzScheduler_$_NON_CLUSTERED shutdown complete.
12:44:24.415 [SpringApplicationShutdownHook] INFO  sys-user - [shutdownAsyncManager,28] - ====关闭后台任务任务线程池====
12:44:24.433 [SpringApplicationShutdownHook] INFO  c.a.d.p.DruidDataSource - [close,2051] - {dataSource-1} closing ...
12:44:24.437 [SpringApplicationShutdownHook] INFO  c.a.d.p.DruidDataSource - [close,2124] - {dataSource-1} closed
15:37:55.874 [restartedMain] INFO  c.u.RuoYiApplication - [logStarting,55] - Starting RuoYiApplication using Java 1.8.0_432 on PC-20231006VALD with PID 13040 (C:\Users\Administrator\Desktop\xlzp\service\ueit-admin\target\classes started by Administrator in C:\Users\Administrator\Desktop\xlzp)
15:37:55.878 [restartedMain] INFO  c.u.RuoYiApplication - [logStartupProfileInfo,686] - The following 1 profile is active: "prod"
15:37:55.879 [background-preinit] INFO  o.h.v.i.util.Version - [<clinit>,21] - HV000001: Hibernate Validator 6.2.3.Final
15:37:59.175 [restartedMain] INFO  o.a.c.h.Http11NioProtocol - [log,173] - Initializing ProtocolHandler ["http-nio-8080"]
15:37:59.176 [restartedMain] INFO  o.a.c.c.StandardService - [log,173] - Starting service [Tomcat]
15:37:59.176 [restartedMain] INFO  o.a.c.c.StandardEngine - [log,173] - Starting Servlet engine: [Apache Tomcat/9.0.63]
15:37:59.276 [restartedMain] INFO  o.a.c.c.C.[.[.[/] - [log,173] - Initializing Spring embedded WebApplicationContext
15:38:01.277 [restartedMain] INFO  c.a.d.p.DruidDataSource - [init,972] - {dataSource-1} inited
15:38:03.440 [restartedMain] INFO  o.q.i.StdSchedulerFactory - [instantiate,1220] - Using default implementation for ThreadExecutor
15:38:03.452 [restartedMain] INFO  o.q.c.SchedulerSignalerImpl - [<init>,61] - Initialized Scheduler Signaller of type: class org.quartz.core.SchedulerSignalerImpl
15:38:03.452 [restartedMain] INFO  o.q.c.QuartzScheduler - [<init>,229] - Quartz Scheduler v.2.3.2 created.
15:38:03.453 [restartedMain] INFO  o.q.s.RAMJobStore - [initialize,155] - RAMJobStore initialized.
15:38:03.454 [restartedMain] INFO  o.q.c.QuartzScheduler - [initialize,294] - Scheduler meta-data: Quartz Scheduler (v2.3.2) 'quartzScheduler' with instanceId 'NON_CLUSTERED'
  Scheduler class: 'org.quartz.core.QuartzScheduler' - running locally.
  NOT STARTED.
  Currently in standby mode.
  Number of jobs executed: 0
  Using thread pool 'org.quartz.simpl.SimpleThreadPool' - with 10 threads.
  Using job-store 'org.quartz.simpl.RAMJobStore' - which does not support persistence. and is not clustered.

15:38:03.454 [restartedMain] INFO  o.q.i.StdSchedulerFactory - [instantiate,1374] - Quartz scheduler 'quartzScheduler' initialized from an externally provided properties instance.
15:38:03.454 [restartedMain] INFO  o.q.i.StdSchedulerFactory - [instantiate,1378] - Quartz scheduler version: 2.3.2
15:38:03.454 [restartedMain] INFO  o.q.c.QuartzScheduler - [setJobFactory,2293] - JobFactory set to: org.springframework.scheduling.quartz.SpringBeanJobFactory@254cf223
15:38:05.246 [restartedMain] INFO  o.a.c.h.Http11NioProtocol - [log,173] - Starting ProtocolHandler ["http-nio-8080"]
15:38:05.528 [restartedMain] INFO  o.q.c.QuartzScheduler - [start,547] - Scheduler quartzScheduler_$_NON_CLUSTERED started.
15:38:05.537 [restartedMain] INFO  c.u.RuoYiApplication - [logStarted,61] - Started RuoYiApplication in 10.209 seconds (JVM running for 12.293)
15:57:06.899 [http-nio-8080-exec-1] INFO  o.a.c.c.C.[.[.[/] - [log,173] - Initializing Spring DispatcherServlet 'dispatcherServlet'
15:57:19.166 [schedule-pool-1] INFO  sys-user - [run,52] - [127.0.0.1]内网IP[admin][Success][登录成功]
18:05:01.427 [Thread-24] INFO  o.q.c.QuartzScheduler - [standby,585] - Scheduler quartzScheduler_$_NON_CLUSTERED paused.
18:05:01.834 [Thread-24] INFO  o.q.c.QuartzScheduler - [shutdown,666] - Scheduler quartzScheduler_$_NON_CLUSTERED shutting down.
18:05:01.834 [Thread-24] INFO  o.q.c.QuartzScheduler - [standby,585] - Scheduler quartzScheduler_$_NON_CLUSTERED paused.
18:05:01.836 [Thread-24] INFO  o.q.c.QuartzScheduler - [shutdown,740] - Scheduler quartzScheduler_$_NON_CLUSTERED shutdown complete.
18:05:01.837 [Thread-24] INFO  sys-user - [shutdownAsyncManager,28] - ====关闭后台任务任务线程池====
18:05:01.852 [Thread-24] INFO  c.a.d.p.DruidDataSource - [close,2051] - {dataSource-1} closing ...
18:05:01.866 [Thread-24] INFO  c.a.d.p.DruidDataSource - [close,2124] - {dataSource-1} closed
18:05:02.505 [restartedMain] INFO  c.u.RuoYiApplication - [logStarting,55] - Starting RuoYiApplication using Java 1.8.0_432 on PC-20231006VALD with PID 13040 (C:\Users\Administrator\Desktop\xlzp\service\ueit-admin\target\classes started by Administrator in C:\Users\Administrator\Desktop\xlzp)
18:05:02.506 [restartedMain] INFO  c.u.RuoYiApplication - [logStartupProfileInfo,686] - The following 1 profile is active: "prod"
18:05:06.535 [restartedMain] INFO  o.a.c.h.Http11NioProtocol - [log,173] - Initializing ProtocolHandler ["http-nio-8080"]
18:05:06.535 [restartedMain] INFO  o.a.c.c.StandardService - [log,173] - Starting service [Tomcat]
18:05:06.535 [restartedMain] INFO  o.a.c.c.StandardEngine - [log,173] - Starting Servlet engine: [Apache Tomcat/9.0.63]
18:05:06.668 [restartedMain] INFO  o.a.c.c.C.[.[.[/] - [log,173] - Initializing Spring embedded WebApplicationContext
18:05:08.116 [restartedMain] INFO  c.a.d.p.DruidDataSource - [init,972] - {dataSource-2} inited
18:05:08.947 [restartedMain] INFO  o.q.i.StdSchedulerFactory - [instantiate,1220] - Using default implementation for ThreadExecutor
18:05:08.948 [restartedMain] INFO  o.q.c.SchedulerSignalerImpl - [<init>,61] - Initialized Scheduler Signaller of type: class org.quartz.core.SchedulerSignalerImpl
18:05:08.949 [restartedMain] INFO  o.q.c.QuartzScheduler - [<init>,229] - Quartz Scheduler v.2.3.2 created.
18:05:08.949 [restartedMain] INFO  o.q.s.RAMJobStore - [initialize,155] - RAMJobStore initialized.
18:05:08.949 [restartedMain] INFO  o.q.c.QuartzScheduler - [initialize,294] - Scheduler meta-data: Quartz Scheduler (v2.3.2) 'quartzScheduler' with instanceId 'NON_CLUSTERED'
  Scheduler class: 'org.quartz.core.QuartzScheduler' - running locally.
  NOT STARTED.
  Currently in standby mode.
  Number of jobs executed: 0
  Using thread pool 'org.quartz.simpl.SimpleThreadPool' - with 10 threads.
  Using job-store 'org.quartz.simpl.RAMJobStore' - which does not support persistence. and is not clustered.

18:05:08.949 [restartedMain] INFO  o.q.i.StdSchedulerFactory - [instantiate,1374] - Quartz scheduler 'quartzScheduler' initialized from an externally provided properties instance.
18:05:08.949 [restartedMain] INFO  o.q.i.StdSchedulerFactory - [instantiate,1378] - Quartz scheduler version: 2.3.2
18:05:08.949 [restartedMain] INFO  o.q.c.QuartzScheduler - [setJobFactory,2293] - JobFactory set to: org.springframework.scheduling.quartz.SpringBeanJobFactory@6ced5efb
18:05:10.337 [restartedMain] INFO  o.a.c.h.Http11NioProtocol - [log,173] - Starting ProtocolHandler ["http-nio-8080"]
18:05:10.493 [restartedMain] INFO  o.q.c.QuartzScheduler - [start,547] - Scheduler quartzScheduler_$_NON_CLUSTERED started.
18:05:10.498 [restartedMain] INFO  c.u.RuoYiApplication - [logStarted,61] - Started RuoYiApplication in 8.066 seconds (JVM running for 8837.254)
19:00:53.131 [http-nio-8080-exec-1] INFO  o.a.c.c.C.[.[.[/] - [log,173] - Initializing Spring DispatcherServlet 'dispatcherServlet'
19:17:03.213 [Thread-37] INFO  o.q.c.QuartzScheduler - [standby,585] - Scheduler quartzScheduler_$_NON_CLUSTERED paused.
19:17:03.519 [Thread-37] INFO  o.q.c.QuartzScheduler - [shutdown,666] - Scheduler quartzScheduler_$_NON_CLUSTERED shutting down.
19:17:03.519 [Thread-37] INFO  o.q.c.QuartzScheduler - [standby,585] - Scheduler quartzScheduler_$_NON_CLUSTERED paused.
19:17:03.520 [Thread-37] INFO  o.q.c.QuartzScheduler - [shutdown,740] - Scheduler quartzScheduler_$_NON_CLUSTERED shutdown complete.
19:17:03.520 [Thread-37] INFO  sys-user - [shutdownAsyncManager,28] - ====关闭后台任务任务线程池====
19:17:03.526 [Thread-37] INFO  c.a.d.p.DruidDataSource - [close,2051] - {dataSource-2} closing ...
19:17:03.528 [Thread-37] INFO  c.a.d.p.DruidDataSource - [close,2124] - {dataSource-2} closed
19:17:04.333 [restartedMain] INFO  c.u.RuoYiApplication - [logStarting,55] - Starting RuoYiApplication using Java 1.8.0_432 on PC-20231006VALD with PID 13040 (C:\Users\Administrator\Desktop\xlzp\service\ueit-admin\target\classes started by Administrator in C:\Users\Administrator\Desktop\xlzp)
19:17:04.333 [restartedMain] INFO  c.u.RuoYiApplication - [logStartupProfileInfo,686] - The following 1 profile is active: "prod"
19:17:05.432 [restartedMain] INFO  o.a.c.h.Http11NioProtocol - [log,173] - Initializing ProtocolHandler ["http-nio-8080"]
19:17:05.432 [restartedMain] INFO  o.a.c.c.StandardService - [log,173] - Starting service [Tomcat]
19:17:05.433 [restartedMain] INFO  o.a.c.c.StandardEngine - [log,173] - Starting Servlet engine: [Apache Tomcat/9.0.63]
19:17:05.447 [restartedMain] INFO  o.a.c.c.C.[.[.[/] - [log,173] - Initializing Spring embedded WebApplicationContext
19:17:06.206 [restartedMain] INFO  c.a.d.p.DruidDataSource - [init,972] - {dataSource-3} inited
19:17:06.886 [restartedMain] INFO  o.q.i.StdSchedulerFactory - [instantiate,1220] - Using default implementation for ThreadExecutor
19:17:06.887 [restartedMain] INFO  o.q.c.SchedulerSignalerImpl - [<init>,61] - Initialized Scheduler Signaller of type: class org.quartz.core.SchedulerSignalerImpl
19:17:06.887 [restartedMain] INFO  o.q.c.QuartzScheduler - [<init>,229] - Quartz Scheduler v.2.3.2 created.
19:17:06.888 [restartedMain] INFO  o.q.s.RAMJobStore - [initialize,155] - RAMJobStore initialized.
19:17:06.888 [restartedMain] INFO  o.q.c.QuartzScheduler - [initialize,294] - Scheduler meta-data: Quartz Scheduler (v2.3.2) 'quartzScheduler' with instanceId 'NON_CLUSTERED'
  Scheduler class: 'org.quartz.core.QuartzScheduler' - running locally.
  NOT STARTED.
  Currently in standby mode.
  Number of jobs executed: 0
  Using thread pool 'org.quartz.simpl.SimpleThreadPool' - with 10 threads.
  Using job-store 'org.quartz.simpl.RAMJobStore' - which does not support persistence. and is not clustered.

19:17:06.888 [restartedMain] INFO  o.q.i.StdSchedulerFactory - [instantiate,1374] - Quartz scheduler 'quartzScheduler' initialized from an externally provided properties instance.
19:17:06.888 [restartedMain] INFO  o.q.i.StdSchedulerFactory - [instantiate,1378] - Quartz scheduler version: 2.3.2
19:17:06.888 [restartedMain] INFO  o.q.c.QuartzScheduler - [setJobFactory,2293] - JobFactory set to: org.springframework.scheduling.quartz.SpringBeanJobFactory@57515941
19:17:08.016 [restartedMain] INFO  o.a.c.h.Http11NioProtocol - [log,173] - Starting ProtocolHandler ["http-nio-8080"]
19:17:08.119 [restartedMain] INFO  o.q.c.QuartzScheduler - [start,547] - Scheduler quartzScheduler_$_NON_CLUSTERED started.
19:17:08.122 [restartedMain] INFO  c.u.RuoYiApplication - [logStarted,61] - Started RuoYiApplication in 3.851 seconds (JVM running for 13154.878)
19:46:14.818 [http-nio-8080-exec-1] INFO  o.a.c.c.C.[.[.[/] - [log,173] - Initializing Spring DispatcherServlet 'dispatcherServlet'
21:47:37.747 [lettuce-nioEventLoop-10-1] INFO  i.l.c.p.CommandHandler - [log,217] - null Unexpected exception during request: java.io.IOException: 远程主机强迫关闭了一个现有的连接。
java.io.IOException: 远程主机强迫关闭了一个现有的连接。
	at sun.nio.ch.SocketDispatcher.read0(Native Method)
	at sun.nio.ch.SocketDispatcher.read(SocketDispatcher.java:43)
	at sun.nio.ch.IOUtil.readIntoNativeBuffer(IOUtil.java:223)
	at sun.nio.ch.IOUtil.read(IOUtil.java:192)
	at sun.nio.ch.SocketChannelImpl.read(SocketChannelImpl.java:379)
	at io.netty.buffer.PooledByteBuf.setBytes(PooledByteBuf.java:258)
	at io.netty.buffer.AbstractByteBuf.writeBytes(AbstractByteBuf.java:1132)
	at io.netty.channel.socket.nio.NioSocketChannel.doReadBytes(NioSocketChannel.java:357)
	at io.netty.channel.nio.AbstractNioByteChannel$NioByteUnsafe.read(AbstractNioByteChannel.java:151)
	at io.netty.channel.nio.NioEventLoop.processSelectedKey(NioEventLoop.java:722)
	at io.netty.channel.nio.NioEventLoop.processSelectedKeysOptimized(NioEventLoop.java:658)
	at io.netty.channel.nio.NioEventLoop.processSelectedKeys(NioEventLoop.java:584)
	at io.netty.channel.nio.NioEventLoop.run(NioEventLoop.java:496)
	at io.netty.util.concurrent.SingleThreadEventExecutor$4.run(SingleThreadEventExecutor.java:995)
	at io.netty.util.internal.ThreadExecutorMap$2.run(ThreadExecutorMap.java:74)
	at io.netty.util.concurrent.FastThreadLocalRunnable.run(FastThreadLocalRunnable.java:30)
	at java.lang.Thread.run(Thread.java:750)
21:47:37.814 [lettuce-eventExecutorLoop-8-2] INFO  i.l.c.p.ConnectionWatchdog - [log,171] - Reconnecting, last destination was /127.0.0.1:6379
21:47:44.093 [lettuce-eventExecutorLoop-8-5] INFO  i.l.c.p.ConnectionWatchdog - [log,171] - Reconnecting, last destination was 127.0.0.1:6379
21:47:50.391 [lettuce-eventExecutorLoop-8-2] INFO  i.l.c.p.ConnectionWatchdog - [log,171] - Reconnecting, last destination was 127.0.0.1:6379
21:47:57.494 [lettuce-eventExecutorLoop-8-8] INFO  i.l.c.p.ConnectionWatchdog - [log,171] - Reconnecting, last destination was 127.0.0.1:6379
21:48:04.691 [lettuce-eventExecutorLoop-8-5] INFO  i.l.c.p.ConnectionWatchdog - [log,171] - Reconnecting, last destination was 127.0.0.1:6379
21:48:10.895 [lettuce-eventExecutorLoop-8-1] INFO  i.l.c.p.ConnectionWatchdog - [log,171] - Reconnecting, last destination was 127.0.0.1:6379
21:48:21.193 [lettuce-eventExecutorLoop-8-4] INFO  i.l.c.p.ConnectionWatchdog - [log,171] - Reconnecting, last destination was 127.0.0.1:6379
21:48:39.696 [lettuce-eventExecutorLoop-8-6] INFO  i.l.c.p.ConnectionWatchdog - [log,171] - Reconnecting, last destination was 127.0.0.1:6379
21:48:45.400 [SpringApplicationShutdownHook] INFO  o.q.c.QuartzScheduler - [standby,585] - Scheduler quartzScheduler_$_NON_CLUSTERED paused.
21:48:48.534 [SpringApplicationShutdownHook] INFO  o.q.c.QuartzScheduler - [shutdown,666] - Scheduler quartzScheduler_$_NON_CLUSTERED shutting down.
21:48:48.535 [SpringApplicationShutdownHook] INFO  o.q.c.QuartzScheduler - [standby,585] - Scheduler quartzScheduler_$_NON_CLUSTERED paused.
21:48:48.535 [SpringApplicationShutdownHook] INFO  o.q.c.QuartzScheduler - [shutdown,740] - Scheduler quartzScheduler_$_NON_CLUSTERED shutdown complete.
21:48:48.536 [SpringApplicationShutdownHook] INFO  sys-user - [shutdownAsyncManager,28] - ====关闭后台任务任务线程池====
21:48:48.549 [SpringApplicationShutdownHook] INFO  c.a.d.p.DruidDataSource - [close,2051] - {dataSource-3} closing ...
21:48:48.563 [SpringApplicationShutdownHook] INFO  c.a.d.p.DruidDataSource - [close,2124] - {dataSource-3} closed
