22:05:02.958 [restartedMain] INFO  c.u.RuoYiApplication - [logStarting,55] - Starting RuoYiApplication using Java 1.8.0_432 on PC-20231006VALD with PID 7448 (C:\Users\Administrator\Desktop\xlzp\service\ueit-admin\target\classes started by Administrator in C:\Users\Administrator\Desktop\xlzp)
22:05:02.963 [restartedMain] INFO  c.u.RuoYiApplication - [logStartupProfileInfo,686] - The following 1 profile is active: "prod"
22:05:02.976 [background-preinit] INFO  o.h.v.i.util.Version - [<clinit>,21] - HV000001: Hibernate Validator 6.2.3.Final
22:05:06.708 [restartedMain] INFO  o.a.c.h.Http11NioProtocol - [log,173] - Initializing ProtocolHandler ["http-nio-8090"]
22:05:06.708 [restartedMain] INFO  o.a.c.c.StandardService - [log,173] - Starting service [Tomcat]
22:05:06.709 [restartedMain] INFO  o.a.c.c.StandardEngine - [log,173] - Starting Servlet engine: [Apache Tomcat/9.0.63]
22:05:06.827 [restartedMain] INFO  o.a.c.c.C.[.[.[/] - [log,173] - Initializing Spring embedded WebApplicationContext
22:05:08.612 [restartedMain] INFO  c.a.d.p.DruidDataSource - [close,2051] - {dataSource-1} closing ...
22:05:08.613 [restartedMain] INFO  c.a.d.p.DruidDataSource - [close,2124] - {dataSource-1} closed
22:05:08.640 [restartedMain] INFO  o.a.c.c.StandardService - [log,173] - Stopping service [Tomcat]
22:12:58.976 [background-preinit] INFO  o.h.v.i.util.Version - [<clinit>,21] - HV000001: Hibernate Validator 6.2.3.Final
22:12:58.984 [restartedMain] INFO  c.u.RuoYiApplication - [logStarting,55] - Starting RuoYiApplication using Java 1.8.0_432 on PC-20231006VALD with PID 11540 (C:\Users\Administrator\Desktop\xlzp\service\ueit-admin\target\classes started by Administrator in C:\Users\Administrator\Desktop\xlzp)
22:12:58.986 [restartedMain] INFO  c.u.RuoYiApplication - [logStartupProfileInfo,686] - The following 1 profile is active: "prod"
22:13:02.119 [restartedMain] INFO  o.a.c.h.Http11NioProtocol - [log,173] - Initializing ProtocolHandler ["http-nio-8090"]
22:13:02.120 [restartedMain] INFO  o.a.c.c.StandardService - [log,173] - Starting service [Tomcat]
22:13:02.120 [restartedMain] INFO  o.a.c.c.StandardEngine - [log,173] - Starting Servlet engine: [Apache Tomcat/9.0.63]
22:13:02.228 [restartedMain] INFO  o.a.c.c.C.[.[.[/] - [log,173] - Initializing Spring embedded WebApplicationContext
22:13:04.070 [restartedMain] INFO  c.a.d.p.DruidDataSource - [close,2051] - {dataSource-1} closing ...
22:13:04.071 [restartedMain] INFO  c.a.d.p.DruidDataSource - [close,2124] - {dataSource-1} closed
22:13:04.099 [restartedMain] INFO  o.a.c.c.StandardService - [log,173] - Stopping service [Tomcat]
22:16:39.846 [restartedMain] INFO  c.u.RuoYiApplication - [logStarting,55] - Starting RuoYiApplication using Java 1.8.0_432 on PC-20231006VALD with PID 13972 (C:\Users\Administrator\Desktop\xlzp\service\ueit-admin\target\classes started by Administrator in C:\Users\Administrator\Desktop\xlzp)
22:16:39.849 [restartedMain] INFO  c.u.RuoYiApplication - [logStartupProfileInfo,686] - The following 1 profile is active: "prod"
22:16:39.852 [background-preinit] INFO  o.h.v.i.util.Version - [<clinit>,21] - HV000001: Hibernate Validator 6.2.3.Final
22:16:42.695 [restartedMain] INFO  o.a.c.h.Http11NioProtocol - [log,173] - Initializing ProtocolHandler ["http-nio-8090"]
22:16:42.695 [restartedMain] INFO  o.a.c.c.StandardService - [log,173] - Starting service [Tomcat]
22:16:42.696 [restartedMain] INFO  o.a.c.c.StandardEngine - [log,173] - Starting Servlet engine: [Apache Tomcat/9.0.63]
22:16:42.789 [restartedMain] INFO  o.a.c.c.C.[.[.[/] - [log,173] - Initializing Spring embedded WebApplicationContext
22:16:44.261 [restartedMain] INFO  c.a.d.p.DruidDataSource - [close,2051] - {dataSource-1} closing ...
22:16:44.262 [restartedMain] INFO  c.a.d.p.DruidDataSource - [close,2124] - {dataSource-1} closed
22:16:44.283 [restartedMain] INFO  o.a.c.c.StandardService - [log,173] - Stopping service [Tomcat]
22:17:26.421 [restartedMain] INFO  c.u.RuoYiApplication - [logStarting,55] - Starting RuoYiApplication using Java 1.8.0_432 on PC-20231006VALD with PID 15928 (C:\Users\Administrator\Desktop\xlzp\service\ueit-admin\target\classes started by Administrator in C:\Users\Administrator\Desktop\xlzp)
22:17:26.421 [background-preinit] INFO  o.h.v.i.util.Version - [<clinit>,21] - HV000001: Hibernate Validator 6.2.3.Final
22:17:26.424 [restartedMain] INFO  c.u.RuoYiApplication - [logStartupProfileInfo,686] - The following 1 profile is active: "prod"
22:17:28.944 [restartedMain] INFO  o.a.c.h.Http11NioProtocol - [log,173] - Initializing ProtocolHandler ["http-nio-8090"]
22:17:28.945 [restartedMain] INFO  o.a.c.c.StandardService - [log,173] - Starting service [Tomcat]
22:17:28.945 [restartedMain] INFO  o.a.c.c.StandardEngine - [log,173] - Starting Servlet engine: [Apache Tomcat/9.0.63]
22:17:29.044 [restartedMain] INFO  o.a.c.c.C.[.[.[/] - [log,173] - Initializing Spring embedded WebApplicationContext
22:17:30.495 [restartedMain] INFO  c.a.d.p.DruidDataSource - [close,2051] - {dataSource-1} closing ...
22:17:30.495 [restartedMain] INFO  c.a.d.p.DruidDataSource - [close,2124] - {dataSource-1} closed
22:17:30.518 [restartedMain] INFO  o.a.c.c.StandardService - [log,173] - Stopping service [Tomcat]
22:18:11.273 [restartedMain] INFO  c.u.RuoYiApplication - [logStarting,55] - Starting RuoYiApplication using Java 1.8.0_432 on PC-20231006VALD with PID 4356 (C:\Users\Administrator\Desktop\xlzp\service\ueit-admin\target\classes started by Administrator in C:\Users\Administrator\Desktop\xlzp)
22:18:11.278 [restartedMain] INFO  c.u.RuoYiApplication - [logStartupProfileInfo,686] - The following 1 profile is active: "prod"
22:18:11.280 [background-preinit] INFO  o.h.v.i.util.Version - [<clinit>,21] - HV000001: Hibernate Validator 6.2.3.Final
22:18:13.870 [restartedMain] INFO  o.a.c.h.Http11NioProtocol - [log,173] - Initializing ProtocolHandler ["http-nio-8090"]
22:18:13.870 [restartedMain] INFO  o.a.c.c.StandardService - [log,173] - Starting service [Tomcat]
22:18:13.871 [restartedMain] INFO  o.a.c.c.StandardEngine - [log,173] - Starting Servlet engine: [Apache Tomcat/9.0.63]
22:18:13.962 [restartedMain] INFO  o.a.c.c.C.[.[.[/] - [log,173] - Initializing Spring embedded WebApplicationContext
22:18:15.439 [restartedMain] INFO  c.a.d.p.DruidDataSource - [close,2051] - {dataSource-1} closing ...
22:18:15.440 [restartedMain] INFO  c.a.d.p.DruidDataSource - [close,2124] - {dataSource-1} closed
22:18:15.461 [restartedMain] INFO  o.a.c.c.StandardService - [log,173] - Stopping service [Tomcat]
22:21:13.662 [restartedMain] INFO  c.u.RuoYiApplication - [logStarting,55] - Starting RuoYiApplication using Java 1.8.0_432 on PC-20231006VALD with PID 16304 (C:\Users\Administrator\Desktop\xlzp\service\ueit-admin\target\classes started by Administrator in C:\Users\Administrator\Desktop\xlzp)
22:21:13.666 [restartedMain] INFO  c.u.RuoYiApplication - [logStartupProfileInfo,686] - The following 1 profile is active: "prod"
22:21:13.666 [background-preinit] INFO  o.h.v.i.util.Version - [<clinit>,21] - HV000001: Hibernate Validator 6.2.3.Final
22:21:16.317 [restartedMain] INFO  o.a.c.h.Http11NioProtocol - [log,173] - Initializing ProtocolHandler ["http-nio-8090"]
22:21:16.317 [restartedMain] INFO  o.a.c.c.StandardService - [log,173] - Starting service [Tomcat]
22:21:16.317 [restartedMain] INFO  o.a.c.c.StandardEngine - [log,173] - Starting Servlet engine: [Apache Tomcat/9.0.63]
22:21:16.412 [restartedMain] INFO  o.a.c.c.C.[.[.[/] - [log,173] - Initializing Spring embedded WebApplicationContext
22:21:17.895 [restartedMain] INFO  c.a.d.p.DruidDataSource - [close,2051] - {dataSource-1} closing ...
22:21:17.896 [restartedMain] INFO  c.a.d.p.DruidDataSource - [close,2124] - {dataSource-1} closed
22:21:17.920 [restartedMain] INFO  o.a.c.c.StandardService - [log,173] - Stopping service [Tomcat]
22:23:10.672 [restartedMain] INFO  c.u.RuoYiApplication - [logStarting,55] - Starting RuoYiApplication using Java 1.8.0_432 on PC-20231006VALD with PID 15484 (C:\Users\Administrator\Desktop\xlzp\service\ueit-admin\target\classes started by Administrator in C:\Users\Administrator\Desktop\xlzp)
22:23:10.672 [background-preinit] INFO  o.h.v.i.util.Version - [<clinit>,21] - HV000001: Hibernate Validator 6.2.3.Final
22:23:10.675 [restartedMain] INFO  c.u.RuoYiApplication - [logStartupProfileInfo,686] - The following 1 profile is active: "prod"
22:23:13.224 [restartedMain] INFO  o.a.c.h.Http11NioProtocol - [log,173] - Initializing ProtocolHandler ["http-nio-8090"]
22:23:13.225 [restartedMain] INFO  o.a.c.c.StandardService - [log,173] - Starting service [Tomcat]
22:23:13.225 [restartedMain] INFO  o.a.c.c.StandardEngine - [log,173] - Starting Servlet engine: [Apache Tomcat/9.0.63]
22:23:13.319 [restartedMain] INFO  o.a.c.c.C.[.[.[/] - [log,173] - Initializing Spring embedded WebApplicationContext
22:23:14.786 [restartedMain] INFO  c.a.d.p.DruidDataSource - [close,2051] - {dataSource-1} closing ...
22:23:14.786 [restartedMain] INFO  c.a.d.p.DruidDataSource - [close,2124] - {dataSource-1} closed
22:23:14.807 [restartedMain] INFO  o.a.c.c.StandardService - [log,173] - Stopping service [Tomcat]
22:26:51.822 [restartedMain] INFO  c.u.RuoYiApplication - [logStarting,55] - Starting RuoYiApplication using Java 1.8.0_432 on PC-20231006VALD with PID 15716 (C:\Users\Administrator\Desktop\xlzp\service\ueit-admin\target\classes started by Administrator in C:\Users\Administrator\Desktop\xlzp)
22:26:51.826 [restartedMain] INFO  c.u.RuoYiApplication - [logStartupProfileInfo,686] - The following 1 profile is active: "prod"
22:26:51.828 [background-preinit] INFO  o.h.v.i.util.Version - [<clinit>,21] - HV000001: Hibernate Validator 6.2.3.Final
22:26:54.620 [restartedMain] INFO  o.a.c.h.Http11NioProtocol - [log,173] - Initializing ProtocolHandler ["http-nio-8090"]
22:26:54.621 [restartedMain] INFO  o.a.c.c.StandardService - [log,173] - Starting service [Tomcat]
22:26:54.621 [restartedMain] INFO  o.a.c.c.StandardEngine - [log,173] - Starting Servlet engine: [Apache Tomcat/9.0.63]
22:26:54.756 [restartedMain] INFO  o.a.c.c.C.[.[.[/] - [log,173] - Initializing Spring embedded WebApplicationContext
22:26:56.464 [restartedMain] INFO  c.a.d.p.DruidDataSource - [close,2051] - {dataSource-1} closing ...
22:26:56.465 [restartedMain] INFO  c.a.d.p.DruidDataSource - [close,2124] - {dataSource-1} closed
22:26:56.489 [restartedMain] INFO  o.a.c.c.StandardService - [log,173] - Stopping service [Tomcat]
22:30:05.807 [restartedMain] INFO  c.u.RuoYiApplication - [logStarting,55] - Starting RuoYiApplication using Java 1.8.0_432 on PC-20231006VALD with PID 16804 (C:\Users\Administrator\Desktop\xlzp\service\ueit-admin\target\classes started by Administrator in C:\Users\Administrator\Desktop\xlzp)
22:30:05.811 [restartedMain] INFO  c.u.RuoYiApplication - [logStartupProfileInfo,686] - The following 1 profile is active: "prod"
22:30:05.815 [background-preinit] INFO  o.h.v.i.util.Version - [<clinit>,21] - HV000001: Hibernate Validator 6.2.3.Final
22:30:08.329 [restartedMain] INFO  o.a.c.h.Http11NioProtocol - [log,173] - Initializing ProtocolHandler ["http-nio-8090"]
22:30:08.330 [restartedMain] INFO  o.a.c.c.StandardService - [log,173] - Starting service [Tomcat]
22:30:08.330 [restartedMain] INFO  o.a.c.c.StandardEngine - [log,173] - Starting Servlet engine: [Apache Tomcat/9.0.63]
22:30:08.424 [restartedMain] INFO  o.a.c.c.C.[.[.[/] - [log,173] - Initializing Spring embedded WebApplicationContext
22:30:09.853 [restartedMain] INFO  c.a.d.p.DruidDataSource - [close,2051] - {dataSource-1} closing ...
22:30:09.853 [restartedMain] INFO  c.a.d.p.DruidDataSource - [close,2124] - {dataSource-1} closed
22:30:09.873 [restartedMain] INFO  o.a.c.c.StandardService - [log,173] - Stopping service [Tomcat]
22:30:17.297 [restartedMain] INFO  c.u.RuoYiApplication - [logStarting,55] - Starting RuoYiApplication using Java 1.8.0_432 on PC-20231006VALD with PID 7788 (C:\Users\Administrator\Desktop\xlzp\service\ueit-admin\target\classes started by Administrator in C:\Users\Administrator\Desktop\xlzp)
22:30:17.298 [background-preinit] INFO  o.h.v.i.util.Version - [<clinit>,21] - HV000001: Hibernate Validator 6.2.3.Final
22:30:17.302 [restartedMain] INFO  c.u.RuoYiApplication - [logStartupProfileInfo,686] - The following 1 profile is active: "prod"
22:30:21.074 [restartedMain] INFO  o.a.c.h.Http11NioProtocol - [log,173] - Initializing ProtocolHandler ["http-nio-8090"]
22:30:21.075 [restartedMain] INFO  o.a.c.c.StandardService - [log,173] - Starting service [Tomcat]
22:30:21.075 [restartedMain] INFO  o.a.c.c.StandardEngine - [log,173] - Starting Servlet engine: [Apache Tomcat/9.0.63]
22:30:21.237 [restartedMain] INFO  o.a.c.c.C.[.[.[/] - [log,173] - Initializing Spring embedded WebApplicationContext
22:30:23.840 [restartedMain] INFO  c.a.d.p.DruidDataSource - [close,2051] - {dataSource-1} closing ...
22:30:23.841 [restartedMain] INFO  c.a.d.p.DruidDataSource - [close,2124] - {dataSource-1} closed
22:30:23.899 [restartedMain] INFO  o.a.c.c.StandardService - [log,173] - Stopping service [Tomcat]
22:30:59.767 [restartedMain] INFO  c.u.RuoYiApplication - [logStarting,55] - Starting RuoYiApplication using Java 1.8.0_432 on PC-20231006VALD with PID 16632 (C:\Users\Administrator\Desktop\xlzp\service\ueit-admin\target\classes started by Administrator in C:\Users\Administrator\Desktop\xlzp)
22:30:59.770 [restartedMain] INFO  c.u.RuoYiApplication - [logStartupProfileInfo,686] - The following 1 profile is active: "prod"
22:30:59.774 [background-preinit] INFO  o.h.v.i.util.Version - [<clinit>,21] - HV000001: Hibernate Validator 6.2.3.Final
22:31:02.377 [restartedMain] INFO  o.a.c.h.Http11NioProtocol - [log,173] - Initializing ProtocolHandler ["http-nio-8090"]
22:31:02.378 [restartedMain] INFO  o.a.c.c.StandardService - [log,173] - Starting service [Tomcat]
22:31:02.378 [restartedMain] INFO  o.a.c.c.StandardEngine - [log,173] - Starting Servlet engine: [Apache Tomcat/9.0.63]
22:31:02.469 [restartedMain] INFO  o.a.c.c.C.[.[.[/] - [log,173] - Initializing Spring embedded WebApplicationContext
22:31:03.920 [restartedMain] INFO  c.a.d.p.DruidDataSource - [close,2051] - {dataSource-1} closing ...
22:31:03.920 [restartedMain] INFO  c.a.d.p.DruidDataSource - [close,2124] - {dataSource-1} closed
22:31:03.940 [restartedMain] INFO  o.a.c.c.StandardService - [log,173] - Stopping service [Tomcat]
22:41:19.473 [restartedMain] INFO  c.u.RuoYiApplication - [logStarting,55] - Starting RuoYiApplication using Java 1.8.0_432 on PC-20231006VALD with PID 13620 (C:\Users\Administrator\Desktop\xlzp\service\ueit-admin\target\classes started by Administrator in C:\Users\Administrator\Desktop\xlzp)
22:41:19.476 [restartedMain] INFO  c.u.RuoYiApplication - [logStartupProfileInfo,686] - The following 1 profile is active: "prod"
22:41:19.484 [background-preinit] INFO  o.h.v.i.util.Version - [<clinit>,21] - HV000001: Hibernate Validator 6.2.3.Final
22:41:22.063 [restartedMain] INFO  o.a.c.h.Http11NioProtocol - [log,173] - Initializing ProtocolHandler ["http-nio-8090"]
22:41:22.064 [restartedMain] INFO  o.a.c.c.StandardService - [log,173] - Starting service [Tomcat]
22:41:22.064 [restartedMain] INFO  o.a.c.c.StandardEngine - [log,173] - Starting Servlet engine: [Apache Tomcat/9.0.63]
22:41:22.156 [restartedMain] INFO  o.a.c.c.C.[.[.[/] - [log,173] - Initializing Spring embedded WebApplicationContext
22:41:23.642 [restartedMain] INFO  c.a.d.p.DruidDataSource - [close,2051] - {dataSource-1} closing ...
22:41:23.643 [restartedMain] INFO  c.a.d.p.DruidDataSource - [close,2124] - {dataSource-1} closed
22:41:23.665 [restartedMain] INFO  o.a.c.c.StandardService - [log,173] - Stopping service [Tomcat]
22:42:09.895 [restartedMain] INFO  c.u.RuoYiApplication - [logStarting,55] - Starting RuoYiApplication using Java 1.8.0_432 on PC-20231006VALD with PID 14412 (C:\Users\Administrator\Desktop\xlzp\service\ueit-admin\target\classes started by Administrator in C:\Users\Administrator\Desktop\xlzp)
22:42:09.899 [restartedMain] INFO  c.u.RuoYiApplication - [logStartupProfileInfo,686] - The following 1 profile is active: "prod"
22:42:09.908 [background-preinit] INFO  o.h.v.i.util.Version - [<clinit>,21] - HV000001: Hibernate Validator 6.2.3.Final
22:42:12.483 [restartedMain] INFO  o.a.c.h.Http11NioProtocol - [log,173] - Initializing ProtocolHandler ["http-nio-8090"]
22:42:12.483 [restartedMain] INFO  o.a.c.c.StandardService - [log,173] - Starting service [Tomcat]
22:42:12.484 [restartedMain] INFO  o.a.c.c.StandardEngine - [log,173] - Starting Servlet engine: [Apache Tomcat/9.0.63]
22:42:12.576 [restartedMain] INFO  o.a.c.c.C.[.[.[/] - [log,173] - Initializing Spring embedded WebApplicationContext
22:42:14.060 [restartedMain] INFO  c.a.d.p.DruidDataSource - [close,2051] - {dataSource-1} closing ...
22:42:14.060 [restartedMain] INFO  c.a.d.p.DruidDataSource - [close,2124] - {dataSource-1} closed
22:42:14.082 [restartedMain] INFO  o.a.c.c.StandardService - [log,173] - Stopping service [Tomcat]
22:46:39.481 [restartedMain] INFO  c.u.RuoYiApplication - [logStarting,55] - Starting RuoYiApplication using Java 1.8.0_432 on PC-20231006VALD with PID 15052 (C:\Users\Administrator\Desktop\xlzp\service\ueit-admin\target\classes started by Administrator in C:\Users\Administrator\Desktop\xlzp)
22:46:39.484 [restartedMain] INFO  c.u.RuoYiApplication - [logStartupProfileInfo,686] - The following 1 profile is active: "prod"
22:46:39.484 [background-preinit] INFO  o.h.v.i.util.Version - [<clinit>,21] - HV000001: Hibernate Validator 6.2.3.Final
22:46:42.132 [restartedMain] INFO  o.a.c.h.Http11NioProtocol - [log,173] - Initializing ProtocolHandler ["http-nio-8090"]
22:46:42.132 [restartedMain] INFO  o.a.c.c.StandardService - [log,173] - Starting service [Tomcat]
22:46:42.133 [restartedMain] INFO  o.a.c.c.StandardEngine - [log,173] - Starting Servlet engine: [Apache Tomcat/9.0.63]
22:46:42.226 [restartedMain] INFO  o.a.c.c.C.[.[.[/] - [log,173] - Initializing Spring embedded WebApplicationContext
22:46:43.839 [restartedMain] INFO  c.a.d.p.DruidDataSource - [close,2051] - {dataSource-1} closing ...
22:46:43.839 [restartedMain] INFO  c.a.d.p.DruidDataSource - [close,2124] - {dataSource-1} closed
22:46:43.859 [restartedMain] INFO  o.a.c.c.StandardService - [log,173] - Stopping service [Tomcat]
22:47:33.210 [restartedMain] INFO  c.u.RuoYiApplication - [logStarting,55] - Starting RuoYiApplication using Java 1.8.0_432 on PC-20231006VALD with PID 8956 (C:\Users\Administrator\Desktop\xlzp\service\ueit-admin\target\classes started by Administrator in C:\Users\Administrator\Desktop\xlzp)
22:47:33.214 [restartedMain] INFO  c.u.RuoYiApplication - [logStartupProfileInfo,686] - The following 1 profile is active: "prod"
22:47:33.215 [background-preinit] INFO  o.h.v.i.util.Version - [<clinit>,21] - HV000001: Hibernate Validator 6.2.3.Final
22:47:35.790 [restartedMain] INFO  o.a.c.h.Http11NioProtocol - [log,173] - Initializing ProtocolHandler ["http-nio-8090"]
22:47:35.790 [restartedMain] INFO  o.a.c.c.StandardService - [log,173] - Starting service [Tomcat]
22:47:35.790 [restartedMain] INFO  o.a.c.c.StandardEngine - [log,173] - Starting Servlet engine: [Apache Tomcat/9.0.63]
22:47:35.884 [restartedMain] INFO  o.a.c.c.C.[.[.[/] - [log,173] - Initializing Spring embedded WebApplicationContext
22:47:37.395 [restartedMain] INFO  c.a.d.p.DruidDataSource - [close,2051] - {dataSource-1} closing ...
22:47:37.395 [restartedMain] INFO  c.a.d.p.DruidDataSource - [close,2124] - {dataSource-1} closed
22:47:37.418 [restartedMain] INFO  o.a.c.c.StandardService - [log,173] - Stopping service [Tomcat]
