00:08:29.722 [restartedMain] INFO  c.u.RuoYiApplication - [logStarting,55] - Starting RuoYiApplication using Java 1.8.0_432 on PC-20231006VALD with PID 18112 (C:\Users\Administrator\Desktop\xlzp\service\ueit-admin\target\classes started by Administrator in C:\Users\Administrator\Desktop\xlzp)
00:08:29.731 [background-preinit] INFO  o.h.v.i.util.Version - [<clinit>,21] - HV000001: Hibernate Validator 6.2.3.Final
00:08:29.732 [restartedMain] INFO  c.u.RuoYiApplication - [logStartupProfileInfo,686] - The following 1 profile is active: "prod"
00:08:40.411 [restartedMain] INFO  o.a.c.h.Http11NioProtocol - [log,173] - Initializing ProtocolHandler ["http-nio-8090"]
00:08:40.412 [restartedMain] INFO  o.a.c.c.StandardService - [log,173] - Starting service [Tomcat]
00:08:40.413 [restartedMain] INFO  o.a.c.c.StandardEngine - [log,173] - Starting Servlet engine: [Apache Tomcat/9.0.63]
00:08:40.586 [restartedMain] INFO  o.a.c.c.C.[.[.[/] - [log,173] - Initializing Spring embedded WebApplicationContext
00:08:42.634 [restartedMain] INFO  c.a.d.p.DruidDataSource - [close,2051] - {dataSource-1} closing ...
00:08:42.635 [restartedMain] INFO  c.a.d.p.DruidDataSource - [close,2124] - {dataSource-1} closed
00:08:42.672 [restartedMain] INFO  o.a.c.c.StandardService - [log,173] - Stopping service [Tomcat]
00:32:15.244 [restartedMain] INFO  c.u.RuoYiApplication - [logStarting,55] - Starting RuoYiApplication using Java 1.8.0_432 on PC-20231006VALD with PID 1004 (C:\Users\Administrator\Desktop\xlzp\service\ueit-admin\target\classes started by Administrator in C:\Users\Administrator\Desktop\xlzp)
00:32:15.248 [restartedMain] INFO  c.u.RuoYiApplication - [logStartupProfileInfo,686] - The following 1 profile is active: "prod"
00:32:15.255 [background-preinit] INFO  o.h.v.i.util.Version - [<clinit>,21] - HV000001: Hibernate Validator 6.2.3.Final
00:32:17.888 [restartedMain] INFO  o.a.c.h.Http11NioProtocol - [log,173] - Initializing ProtocolHandler ["http-nio-8090"]
00:32:17.888 [restartedMain] INFO  o.a.c.c.StandardService - [log,173] - Starting service [Tomcat]
00:32:17.889 [restartedMain] INFO  o.a.c.c.StandardEngine - [log,173] - Starting Servlet engine: [Apache Tomcat/9.0.63]
00:32:17.978 [restartedMain] INFO  o.a.c.c.C.[.[.[/] - [log,173] - Initializing Spring embedded WebApplicationContext
00:32:19.783 [restartedMain] INFO  c.a.d.p.DruidDataSource - [init,972] - {dataSource-1} inited
00:32:19.851 [restartedMain] INFO  c.a.d.p.DruidDataSource - [close,2051] - {dataSource-1} closing ...
00:32:19.857 [restartedMain] INFO  c.a.d.p.DruidDataSource - [close,2124] - {dataSource-1} closed
00:32:19.881 [restartedMain] INFO  o.a.c.c.StandardService - [log,173] - Stopping service [Tomcat]
00:36:55.856 [restartedMain] INFO  c.u.RuoYiApplication - [logStarting,55] - Starting RuoYiApplication using Java 1.8.0_432 on PC-20231006VALD with PID 6976 (C:\Users\Administrator\Desktop\xlzp\service\ueit-admin\target\classes started by Administrator in C:\Users\Administrator\Desktop\xlzp)
00:36:55.860 [restartedMain] INFO  c.u.RuoYiApplication - [logStartupProfileInfo,686] - The following 1 profile is active: "prod"
00:36:55.871 [background-preinit] INFO  o.h.v.i.util.Version - [<clinit>,21] - HV000001: Hibernate Validator 6.2.3.Final
00:36:59.462 [restartedMain] INFO  o.a.c.h.Http11NioProtocol - [log,173] - Initializing ProtocolHandler ["http-nio-8090"]
00:36:59.463 [restartedMain] INFO  o.a.c.c.StandardService - [log,173] - Starting service [Tomcat]
00:36:59.463 [restartedMain] INFO  o.a.c.c.StandardEngine - [log,173] - Starting Servlet engine: [Apache Tomcat/9.0.63]
00:36:59.556 [restartedMain] INFO  o.a.c.c.C.[.[.[/] - [log,173] - Initializing Spring embedded WebApplicationContext
00:37:01.350 [restartedMain] INFO  c.a.d.p.DruidDataSource - [init,972] - {dataSource-1} inited
00:37:01.438 [restartedMain] INFO  c.a.d.p.DruidDataSource - [close,2051] - {dataSource-1} closing ...
00:37:01.445 [restartedMain] INFO  c.a.d.p.DruidDataSource - [close,2124] - {dataSource-1} closed
00:37:01.469 [restartedMain] INFO  o.a.c.c.StandardService - [log,173] - Stopping service [Tomcat]
00:40:46.241 [restartedMain] INFO  c.u.RuoYiApplication - [logStarting,55] - Starting RuoYiApplication using Java 1.8.0_432 on PC-20231006VALD with PID 16168 (C:\Users\Administrator\Desktop\xlzp\service\ueit-admin\target\classes started by Administrator in C:\Users\Administrator\Desktop\xlzp)
00:40:46.246 [restartedMain] INFO  c.u.RuoYiApplication - [logStartupProfileInfo,686] - The following 1 profile is active: "prod"
00:40:46.258 [background-preinit] INFO  o.h.v.i.util.Version - [<clinit>,21] - HV000001: Hibernate Validator 6.2.3.Final
00:40:49.813 [restartedMain] INFO  o.a.c.h.Http11NioProtocol - [log,173] - Initializing ProtocolHandler ["http-nio-8090"]
00:40:49.813 [restartedMain] INFO  o.a.c.c.StandardService - [log,173] - Starting service [Tomcat]
00:40:49.814 [restartedMain] INFO  o.a.c.c.StandardEngine - [log,173] - Starting Servlet engine: [Apache Tomcat/9.0.63]
00:40:49.899 [restartedMain] INFO  o.a.c.c.C.[.[.[/] - [log,173] - Initializing Spring embedded WebApplicationContext
00:40:51.727 [restartedMain] INFO  c.a.d.p.DruidDataSource - [init,972] - {dataSource-1} inited
00:40:51.792 [restartedMain] INFO  c.a.d.p.DruidDataSource - [close,2051] - {dataSource-1} closing ...
00:40:51.797 [restartedMain] INFO  c.a.d.p.DruidDataSource - [close,2124] - {dataSource-1} closed
00:40:51.834 [restartedMain] INFO  o.a.c.c.StandardService - [log,173] - Stopping service [Tomcat]
00:41:59.421 [restartedMain] INFO  c.u.RuoYiApplication - [logStarting,55] - Starting RuoYiApplication using Java 1.8.0_432 on PC-20231006VALD with PID 10108 (C:\Users\Administrator\Desktop\xlzp\service\ueit-admin\target\classes started by Administrator in C:\Users\Administrator\Desktop\xlzp)
00:41:59.424 [restartedMain] INFO  c.u.RuoYiApplication - [logStartupProfileInfo,686] - The following 1 profile is active: "prod"
00:41:59.428 [background-preinit] INFO  o.h.v.i.util.Version - [<clinit>,21] - HV000001: Hibernate Validator 6.2.3.Final
00:42:02.103 [restartedMain] INFO  o.a.c.h.Http11NioProtocol - [log,173] - Initializing ProtocolHandler ["http-nio-8090"]
00:42:02.103 [restartedMain] INFO  o.a.c.c.StandardService - [log,173] - Starting service [Tomcat]
00:42:02.104 [restartedMain] INFO  o.a.c.c.StandardEngine - [log,173] - Starting Servlet engine: [Apache Tomcat/9.0.63]
00:42:02.189 [restartedMain] INFO  o.a.c.c.C.[.[.[/] - [log,173] - Initializing Spring embedded WebApplicationContext
00:42:03.913 [restartedMain] INFO  c.a.d.p.DruidDataSource - [init,972] - {dataSource-1} inited
00:42:03.979 [restartedMain] INFO  c.a.d.p.DruidDataSource - [close,2051] - {dataSource-1} closing ...
00:42:03.983 [restartedMain] INFO  c.a.d.p.DruidDataSource - [close,2124] - {dataSource-1} closed
00:42:04.006 [restartedMain] INFO  o.a.c.c.StandardService - [log,173] - Stopping service [Tomcat]
00:47:37.908 [restartedMain] INFO  c.u.RuoYiApplication - [logStarting,55] - Starting RuoYiApplication using Java 1.8.0_432 on PC-20231006VALD with PID 12616 (C:\Users\Administrator\Desktop\xlzp\service\ueit-admin\target\classes started by Administrator in C:\Users\Administrator\Desktop\xlzp)
00:47:37.912 [restartedMain] INFO  c.u.RuoYiApplication - [logStartupProfileInfo,686] - The following 1 profile is active: "prod"
00:47:37.921 [background-preinit] INFO  o.h.v.i.util.Version - [<clinit>,21] - HV000001: Hibernate Validator 6.2.3.Final
00:47:40.500 [restartedMain] INFO  o.a.c.h.Http11NioProtocol - [log,173] - Initializing ProtocolHandler ["http-nio-8090"]
00:47:40.500 [restartedMain] INFO  o.a.c.c.StandardService - [log,173] - Starting service [Tomcat]
00:47:40.501 [restartedMain] INFO  o.a.c.c.StandardEngine - [log,173] - Starting Servlet engine: [Apache Tomcat/9.0.63]
00:47:40.586 [restartedMain] INFO  o.a.c.c.C.[.[.[/] - [log,173] - Initializing Spring embedded WebApplicationContext
00:47:42.299 [restartedMain] INFO  c.a.d.p.DruidDataSource - [init,972] - {dataSource-1} inited
00:47:45.532 [restartedMain] INFO  c.a.d.p.DruidDataSource - [close,2051] - {dataSource-1} closing ...
00:47:45.537 [restartedMain] INFO  c.a.d.p.DruidDataSource - [close,2124] - {dataSource-1} closed
00:47:45.662 [restartedMain] INFO  o.a.c.c.StandardService - [log,173] - Stopping service [Tomcat]
00:48:50.428 [restartedMain] INFO  c.u.RuoYiApplication - [logStarting,55] - Starting RuoYiApplication using Java 1.8.0_432 on PC-20231006VALD with PID 12332 (C:\Users\Administrator\Desktop\xlzp\service\ueit-admin\target\classes started by Administrator in C:\Users\Administrator\Desktop\xlzp)
00:48:50.431 [restartedMain] INFO  c.u.RuoYiApplication - [logStartupProfileInfo,686] - The following 1 profile is active: "prod"
00:48:50.437 [background-preinit] INFO  o.h.v.i.util.Version - [<clinit>,21] - HV000001: Hibernate Validator 6.2.3.Final
00:48:52.998 [restartedMain] INFO  o.a.c.h.Http11NioProtocol - [log,173] - Initializing ProtocolHandler ["http-nio-8090"]
00:48:52.999 [restartedMain] INFO  o.a.c.c.StandardService - [log,173] - Starting service [Tomcat]
00:48:53.000 [restartedMain] INFO  o.a.c.c.StandardEngine - [log,173] - Starting Servlet engine: [Apache Tomcat/9.0.63]
00:48:53.083 [restartedMain] INFO  o.a.c.c.C.[.[.[/] - [log,173] - Initializing Spring embedded WebApplicationContext
00:48:54.807 [restartedMain] INFO  c.a.d.p.DruidDataSource - [init,972] - {dataSource-1} inited
00:48:56.817 [restartedMain] INFO  o.q.i.StdSchedulerFactory - [instantiate,1220] - Using default implementation for ThreadExecutor
00:48:56.827 [restartedMain] INFO  o.q.c.SchedulerSignalerImpl - [<init>,61] - Initialized Scheduler Signaller of type: class org.quartz.core.SchedulerSignalerImpl
00:48:56.828 [restartedMain] INFO  o.q.c.QuartzScheduler - [<init>,229] - Quartz Scheduler v.2.3.2 created.
00:48:56.829 [restartedMain] INFO  o.q.s.RAMJobStore - [initialize,155] - RAMJobStore initialized.
00:48:56.829 [restartedMain] INFO  o.q.c.QuartzScheduler - [initialize,294] - Scheduler meta-data: Quartz Scheduler (v2.3.2) 'quartzScheduler' with instanceId 'NON_CLUSTERED'
  Scheduler class: 'org.quartz.core.QuartzScheduler' - running locally.
  NOT STARTED.
  Currently in standby mode.
  Number of jobs executed: 0
  Using thread pool 'org.quartz.simpl.SimpleThreadPool' - with 10 threads.
  Using job-store 'org.quartz.simpl.RAMJobStore' - which does not support persistence. and is not clustered.

00:48:56.830 [restartedMain] INFO  o.q.i.StdSchedulerFactory - [instantiate,1374] - Quartz scheduler 'quartzScheduler' initialized from an externally provided properties instance.
00:48:56.830 [restartedMain] INFO  o.q.i.StdSchedulerFactory - [instantiate,1378] - Quartz scheduler version: 2.3.2
00:48:56.830 [restartedMain] INFO  o.q.c.QuartzScheduler - [setJobFactory,2293] - JobFactory set to: org.springframework.scheduling.quartz.SpringBeanJobFactory@56d5b7b4
00:48:58.574 [restartedMain] INFO  o.a.c.h.Http11NioProtocol - [log,173] - Starting ProtocolHandler ["http-nio-8090"]
00:48:58.854 [restartedMain] INFO  o.q.c.QuartzScheduler - [start,547] - Scheduler quartzScheduler_$_NON_CLUSTERED started.
00:48:58.861 [restartedMain] INFO  c.u.RuoYiApplication - [logStarted,61] - Started RuoYiApplication in 8.927 seconds (JVM running for 10.195)
01:07:33.498 [SpringApplicationShutdownHook] INFO  o.q.c.QuartzScheduler - [standby,585] - Scheduler quartzScheduler_$_NON_CLUSTERED paused.
01:07:33.809 [SpringApplicationShutdownHook] INFO  o.q.c.QuartzScheduler - [shutdown,666] - Scheduler quartzScheduler_$_NON_CLUSTERED shutting down.
01:07:33.809 [SpringApplicationShutdownHook] INFO  o.q.c.QuartzScheduler - [standby,585] - Scheduler quartzScheduler_$_NON_CLUSTERED paused.
01:07:33.810 [SpringApplicationShutdownHook] INFO  o.q.c.QuartzScheduler - [shutdown,740] - Scheduler quartzScheduler_$_NON_CLUSTERED shutdown complete.
01:07:33.810 [SpringApplicationShutdownHook] INFO  sys-user - [shutdownAsyncManager,28] - ====关闭后台任务任务线程池====
01:07:33.817 [SpringApplicationShutdownHook] INFO  c.a.d.p.DruidDataSource - [close,2051] - {dataSource-1} closing ...
01:07:33.818 [SpringApplicationShutdownHook] INFO  c.a.d.p.DruidDataSource - [close,2124] - {dataSource-1} closed
01:07:38.085 [restartedMain] INFO  c.u.RuoYiApplication - [logStarting,55] - Starting RuoYiApplication using Java 1.8.0_432 on PC-20231006VALD with PID 20724 (C:\Users\Administrator\Desktop\xlzp\service\ueit-admin\target\classes started by Administrator in C:\Users\Administrator\Desktop\xlzp)
01:07:38.091 [restartedMain] INFO  c.u.RuoYiApplication - [logStartupProfileInfo,686] - The following 1 profile is active: "prod"
01:07:38.100 [background-preinit] INFO  o.h.v.i.util.Version - [<clinit>,21] - HV000001: Hibernate Validator 6.2.3.Final
01:07:42.071 [restartedMain] INFO  o.a.c.h.Http11NioProtocol - [log,173] - Initializing ProtocolHandler ["http-nio-8090"]
01:07:42.071 [restartedMain] INFO  o.a.c.c.StandardService - [log,173] - Starting service [Tomcat]
01:07:42.072 [restartedMain] INFO  o.a.c.c.StandardEngine - [log,173] - Starting Servlet engine: [Apache Tomcat/9.0.63]
01:07:42.157 [restartedMain] INFO  o.a.c.c.C.[.[.[/] - [log,173] - Initializing Spring embedded WebApplicationContext
01:07:43.915 [restartedMain] INFO  c.a.d.p.DruidDataSource - [init,972] - {dataSource-1} inited
01:07:46.514 [restartedMain] INFO  o.q.i.StdSchedulerFactory - [instantiate,1220] - Using default implementation for ThreadExecutor
01:07:46.528 [restartedMain] INFO  o.q.c.SchedulerSignalerImpl - [<init>,61] - Initialized Scheduler Signaller of type: class org.quartz.core.SchedulerSignalerImpl
01:07:46.528 [restartedMain] INFO  o.q.c.QuartzScheduler - [<init>,229] - Quartz Scheduler v.2.3.2 created.
01:07:46.530 [restartedMain] INFO  o.q.s.RAMJobStore - [initialize,155] - RAMJobStore initialized.
01:07:46.532 [restartedMain] INFO  o.q.c.QuartzScheduler - [initialize,294] - Scheduler meta-data: Quartz Scheduler (v2.3.2) 'quartzScheduler' with instanceId 'NON_CLUSTERED'
  Scheduler class: 'org.quartz.core.QuartzScheduler' - running locally.
  NOT STARTED.
  Currently in standby mode.
  Number of jobs executed: 0
  Using thread pool 'org.quartz.simpl.SimpleThreadPool' - with 10 threads.
  Using job-store 'org.quartz.simpl.RAMJobStore' - which does not support persistence. and is not clustered.

01:07:46.532 [restartedMain] INFO  o.q.i.StdSchedulerFactory - [instantiate,1374] - Quartz scheduler 'quartzScheduler' initialized from an externally provided properties instance.
01:07:46.532 [restartedMain] INFO  o.q.i.StdSchedulerFactory - [instantiate,1378] - Quartz scheduler version: 2.3.2
01:07:46.532 [restartedMain] INFO  o.q.c.QuartzScheduler - [setJobFactory,2293] - JobFactory set to: org.springframework.scheduling.quartz.SpringBeanJobFactory@59253c89
01:07:48.912 [restartedMain] INFO  o.a.c.h.Http11NioProtocol - [log,173] - Starting ProtocolHandler ["http-nio-8090"]
01:07:49.282 [restartedMain] INFO  o.q.c.QuartzScheduler - [start,547] - Scheduler quartzScheduler_$_NON_CLUSTERED started.
01:07:49.290 [restartedMain] INFO  c.u.RuoYiApplication - [logStarted,61] - Started RuoYiApplication in 11.943 seconds (JVM running for 13.4)
01:15:21.894 [SpringApplicationShutdownHook] INFO  o.q.c.QuartzScheduler - [standby,585] - Scheduler quartzScheduler_$_NON_CLUSTERED paused.
01:15:22.348 [SpringApplicationShutdownHook] INFO  o.q.c.QuartzScheduler - [shutdown,666] - Scheduler quartzScheduler_$_NON_CLUSTERED shutting down.
01:15:22.348 [SpringApplicationShutdownHook] INFO  o.q.c.QuartzScheduler - [standby,585] - Scheduler quartzScheduler_$_NON_CLUSTERED paused.
01:15:22.349 [SpringApplicationShutdownHook] INFO  o.q.c.QuartzScheduler - [shutdown,740] - Scheduler quartzScheduler_$_NON_CLUSTERED shutdown complete.
01:15:22.349 [SpringApplicationShutdownHook] INFO  sys-user - [shutdownAsyncManager,28] - ====关闭后台任务任务线程池====
01:15:22.355 [SpringApplicationShutdownHook] INFO  c.a.d.p.DruidDataSource - [close,2051] - {dataSource-1} closing ...
01:15:22.367 [SpringApplicationShutdownHook] INFO  c.a.d.p.DruidDataSource - [close,2124] - {dataSource-1} closed
01:15:27.480 [restartedMain] INFO  c.u.RuoYiApplication - [logStarting,55] - Starting RuoYiApplication using Java 1.8.0_432 on PC-20231006VALD with PID 20852 (C:\Users\Administrator\Desktop\xlzp\service\ueit-admin\target\classes started by Administrator in C:\Users\Administrator\Desktop\xlzp)
01:15:27.486 [restartedMain] INFO  c.u.RuoYiApplication - [logStartupProfileInfo,686] - The following 1 profile is active: "prod"
01:15:27.494 [background-preinit] INFO  o.h.v.i.util.Version - [<clinit>,21] - HV000001: Hibernate Validator 6.2.3.Final
01:15:30.725 [restartedMain] INFO  o.a.c.h.Http11NioProtocol - [log,173] - Initializing ProtocolHandler ["http-nio-8090"]
01:15:30.726 [restartedMain] INFO  o.a.c.c.StandardService - [log,173] - Starting service [Tomcat]
01:15:30.726 [restartedMain] INFO  o.a.c.c.StandardEngine - [log,173] - Starting Servlet engine: [Apache Tomcat/9.0.63]
01:15:30.813 [restartedMain] INFO  o.a.c.c.C.[.[.[/] - [log,173] - Initializing Spring embedded WebApplicationContext
01:15:32.647 [restartedMain] INFO  c.a.d.p.DruidDataSource - [init,972] - {dataSource-1} inited
01:15:34.934 [restartedMain] INFO  o.q.i.StdSchedulerFactory - [instantiate,1220] - Using default implementation for ThreadExecutor
01:15:34.946 [restartedMain] INFO  o.q.c.SchedulerSignalerImpl - [<init>,61] - Initialized Scheduler Signaller of type: class org.quartz.core.SchedulerSignalerImpl
01:15:34.946 [restartedMain] INFO  o.q.c.QuartzScheduler - [<init>,229] - Quartz Scheduler v.2.3.2 created.
01:15:34.947 [restartedMain] INFO  o.q.s.RAMJobStore - [initialize,155] - RAMJobStore initialized.
01:15:34.948 [restartedMain] INFO  o.q.c.QuartzScheduler - [initialize,294] - Scheduler meta-data: Quartz Scheduler (v2.3.2) 'quartzScheduler' with instanceId 'NON_CLUSTERED'
  Scheduler class: 'org.quartz.core.QuartzScheduler' - running locally.
  NOT STARTED.
  Currently in standby mode.
  Number of jobs executed: 0
  Using thread pool 'org.quartz.simpl.SimpleThreadPool' - with 10 threads.
  Using job-store 'org.quartz.simpl.RAMJobStore' - which does not support persistence. and is not clustered.

01:15:34.948 [restartedMain] INFO  o.q.i.StdSchedulerFactory - [instantiate,1374] - Quartz scheduler 'quartzScheduler' initialized from an externally provided properties instance.
01:15:34.948 [restartedMain] INFO  o.q.i.StdSchedulerFactory - [instantiate,1378] - Quartz scheduler version: 2.3.2
01:15:34.948 [restartedMain] INFO  o.q.c.QuartzScheduler - [setJobFactory,2293] - JobFactory set to: org.springframework.scheduling.quartz.SpringBeanJobFactory@2af34b2b
01:15:36.932 [restartedMain] INFO  o.a.c.h.Http11NioProtocol - [log,173] - Starting ProtocolHandler ["http-nio-8090"]
01:15:37.263 [restartedMain] INFO  o.q.c.QuartzScheduler - [start,547] - Scheduler quartzScheduler_$_NON_CLUSTERED started.
01:15:37.272 [restartedMain] INFO  c.u.RuoYiApplication - [logStarted,61] - Started RuoYiApplication in 10.506 seconds (JVM running for 12.122)
01:16:17.113 [SpringApplicationShutdownHook] INFO  o.q.c.QuartzScheduler - [standby,585] - Scheduler quartzScheduler_$_NON_CLUSTERED paused.
01:16:17.531 [SpringApplicationShutdownHook] INFO  o.q.c.QuartzScheduler - [shutdown,666] - Scheduler quartzScheduler_$_NON_CLUSTERED shutting down.
01:16:17.531 [SpringApplicationShutdownHook] INFO  o.q.c.QuartzScheduler - [standby,585] - Scheduler quartzScheduler_$_NON_CLUSTERED paused.
01:16:17.531 [SpringApplicationShutdownHook] INFO  o.q.c.QuartzScheduler - [shutdown,740] - Scheduler quartzScheduler_$_NON_CLUSTERED shutdown complete.
01:16:17.531 [SpringApplicationShutdownHook] INFO  sys-user - [shutdownAsyncManager,28] - ====关闭后台任务任务线程池====
01:16:17.535 [SpringApplicationShutdownHook] INFO  c.a.d.p.DruidDataSource - [close,2051] - {dataSource-1} closing ...
01:16:17.544 [SpringApplicationShutdownHook] INFO  c.a.d.p.DruidDataSource - [close,2124] - {dataSource-1} closed
01:16:21.474 [restartedMain] INFO  c.u.RuoYiApplication - [logStarting,55] - Starting RuoYiApplication using Java 1.8.0_432 on PC-20231006VALD with PID 17848 (C:\Users\Administrator\Desktop\xlzp\service\ueit-admin\target\classes started by Administrator in C:\Users\Administrator\Desktop\xlzp)
01:16:21.478 [restartedMain] INFO  c.u.RuoYiApplication - [logStartupProfileInfo,686] - The following 1 profile is active: "prod"
01:16:21.485 [background-preinit] INFO  o.h.v.i.util.Version - [<clinit>,21] - HV000001: Hibernate Validator 6.2.3.Final
01:16:24.989 [restartedMain] INFO  o.a.c.h.Http11NioProtocol - [log,173] - Initializing ProtocolHandler ["http-nio-8090"]
01:16:24.990 [restartedMain] INFO  o.a.c.c.StandardService - [log,173] - Starting service [Tomcat]
01:16:24.990 [restartedMain] INFO  o.a.c.c.StandardEngine - [log,173] - Starting Servlet engine: [Apache Tomcat/9.0.63]
01:16:25.091 [restartedMain] INFO  o.a.c.c.C.[.[.[/] - [log,173] - Initializing Spring embedded WebApplicationContext
01:16:27.101 [restartedMain] INFO  c.a.d.p.DruidDataSource - [init,972] - {dataSource-1} inited
01:16:29.461 [restartedMain] INFO  o.q.i.StdSchedulerFactory - [instantiate,1220] - Using default implementation for ThreadExecutor
01:16:29.473 [restartedMain] INFO  o.q.c.SchedulerSignalerImpl - [<init>,61] - Initialized Scheduler Signaller of type: class org.quartz.core.SchedulerSignalerImpl
01:16:29.474 [restartedMain] INFO  o.q.c.QuartzScheduler - [<init>,229] - Quartz Scheduler v.2.3.2 created.
01:16:29.475 [restartedMain] INFO  o.q.s.RAMJobStore - [initialize,155] - RAMJobStore initialized.
01:16:29.476 [restartedMain] INFO  o.q.c.QuartzScheduler - [initialize,294] - Scheduler meta-data: Quartz Scheduler (v2.3.2) 'quartzScheduler' with instanceId 'NON_CLUSTERED'
  Scheduler class: 'org.quartz.core.QuartzScheduler' - running locally.
  NOT STARTED.
  Currently in standby mode.
  Number of jobs executed: 0
  Using thread pool 'org.quartz.simpl.SimpleThreadPool' - with 10 threads.
  Using job-store 'org.quartz.simpl.RAMJobStore' - which does not support persistence. and is not clustered.

01:16:29.476 [restartedMain] INFO  o.q.i.StdSchedulerFactory - [instantiate,1374] - Quartz scheduler 'quartzScheduler' initialized from an externally provided properties instance.
01:16:29.476 [restartedMain] INFO  o.q.i.StdSchedulerFactory - [instantiate,1378] - Quartz scheduler version: 2.3.2
01:16:29.476 [restartedMain] INFO  o.q.c.QuartzScheduler - [setJobFactory,2293] - JobFactory set to: org.springframework.scheduling.quartz.SpringBeanJobFactory@48e377b7
01:16:31.598 [restartedMain] INFO  o.a.c.h.Http11NioProtocol - [log,173] - Starting ProtocolHandler ["http-nio-8090"]
01:16:31.910 [restartedMain] INFO  o.q.c.QuartzScheduler - [start,547] - Scheduler quartzScheduler_$_NON_CLUSTERED started.
01:16:31.920 [restartedMain] INFO  c.u.RuoYiApplication - [logStarted,61] - Started RuoYiApplication in 11.138 seconds (JVM running for 12.86)
01:17:07.761 [SpringApplicationShutdownHook] INFO  o.q.c.QuartzScheduler - [standby,585] - Scheduler quartzScheduler_$_NON_CLUSTERED paused.
01:17:08.103 [SpringApplicationShutdownHook] INFO  o.q.c.QuartzScheduler - [shutdown,666] - Scheduler quartzScheduler_$_NON_CLUSTERED shutting down.
01:17:08.104 [SpringApplicationShutdownHook] INFO  o.q.c.QuartzScheduler - [standby,585] - Scheduler quartzScheduler_$_NON_CLUSTERED paused.
01:17:08.104 [SpringApplicationShutdownHook] INFO  o.q.c.QuartzScheduler - [shutdown,740] - Scheduler quartzScheduler_$_NON_CLUSTERED shutdown complete.
01:17:08.104 [SpringApplicationShutdownHook] INFO  sys-user - [shutdownAsyncManager,28] - ====关闭后台任务任务线程池====
01:17:08.109 [SpringApplicationShutdownHook] INFO  c.a.d.p.DruidDataSource - [close,2051] - {dataSource-1} closing ...
01:17:08.121 [SpringApplicationShutdownHook] INFO  c.a.d.p.DruidDataSource - [close,2124] - {dataSource-1} closed
01:17:12.929 [restartedMain] INFO  c.u.RuoYiApplication - [logStarting,55] - Starting RuoYiApplication using Java 1.8.0_432 on PC-20231006VALD with PID 9316 (C:\Users\Administrator\Desktop\xlzp\service\ueit-admin\target\classes started by Administrator in C:\Users\Administrator\Desktop\xlzp)
01:17:12.934 [restartedMain] INFO  c.u.RuoYiApplication - [logStartupProfileInfo,686] - The following 1 profile is active: "prod"
01:17:12.935 [background-preinit] INFO  o.h.v.i.util.Version - [<clinit>,21] - HV000001: Hibernate Validator 6.2.3.Final
01:17:16.480 [restartedMain] INFO  o.a.c.h.Http11NioProtocol - [log,173] - Initializing ProtocolHandler ["http-nio-8090"]
01:17:16.480 [restartedMain] INFO  o.a.c.c.StandardService - [log,173] - Starting service [Tomcat]
01:17:16.480 [restartedMain] INFO  o.a.c.c.StandardEngine - [log,173] - Starting Servlet engine: [Apache Tomcat/9.0.63]
01:17:16.579 [restartedMain] INFO  o.a.c.c.C.[.[.[/] - [log,173] - Initializing Spring embedded WebApplicationContext
01:17:18.549 [restartedMain] INFO  c.a.d.p.DruidDataSource - [init,972] - {dataSource-1} inited
01:17:20.897 [restartedMain] INFO  o.q.i.StdSchedulerFactory - [instantiate,1220] - Using default implementation for ThreadExecutor
01:17:20.909 [restartedMain] INFO  o.q.c.SchedulerSignalerImpl - [<init>,61] - Initialized Scheduler Signaller of type: class org.quartz.core.SchedulerSignalerImpl
01:17:20.910 [restartedMain] INFO  o.q.c.QuartzScheduler - [<init>,229] - Quartz Scheduler v.2.3.2 created.
01:17:20.911 [restartedMain] INFO  o.q.s.RAMJobStore - [initialize,155] - RAMJobStore initialized.
01:17:20.911 [restartedMain] INFO  o.q.c.QuartzScheduler - [initialize,294] - Scheduler meta-data: Quartz Scheduler (v2.3.2) 'quartzScheduler' with instanceId 'NON_CLUSTERED'
  Scheduler class: 'org.quartz.core.QuartzScheduler' - running locally.
  NOT STARTED.
  Currently in standby mode.
  Number of jobs executed: 0
  Using thread pool 'org.quartz.simpl.SimpleThreadPool' - with 10 threads.
  Using job-store 'org.quartz.simpl.RAMJobStore' - which does not support persistence. and is not clustered.

01:17:20.912 [restartedMain] INFO  o.q.i.StdSchedulerFactory - [instantiate,1374] - Quartz scheduler 'quartzScheduler' initialized from an externally provided properties instance.
01:17:20.912 [restartedMain] INFO  o.q.i.StdSchedulerFactory - [instantiate,1378] - Quartz scheduler version: 2.3.2
01:17:20.912 [restartedMain] INFO  o.q.c.QuartzScheduler - [setJobFactory,2293] - JobFactory set to: org.springframework.scheduling.quartz.SpringBeanJobFactory@54419307
01:17:22.929 [restartedMain] INFO  o.a.c.h.Http11NioProtocol - [log,173] - Starting ProtocolHandler ["http-nio-8090"]
01:17:23.239 [restartedMain] INFO  o.q.c.QuartzScheduler - [start,547] - Scheduler quartzScheduler_$_NON_CLUSTERED started.
01:17:23.249 [restartedMain] INFO  c.u.RuoYiApplication - [logStarted,61] - Started RuoYiApplication in 11.016 seconds (JVM running for 13.107)
01:18:27.209 [SpringApplicationShutdownHook] INFO  o.q.c.QuartzScheduler - [standby,585] - Scheduler quartzScheduler_$_NON_CLUSTERED paused.
01:18:27.619 [SpringApplicationShutdownHook] INFO  o.q.c.QuartzScheduler - [shutdown,666] - Scheduler quartzScheduler_$_NON_CLUSTERED shutting down.
01:18:27.620 [SpringApplicationShutdownHook] INFO  o.q.c.QuartzScheduler - [standby,585] - Scheduler quartzScheduler_$_NON_CLUSTERED paused.
01:18:27.621 [SpringApplicationShutdownHook] INFO  o.q.c.QuartzScheduler - [shutdown,740] - Scheduler quartzScheduler_$_NON_CLUSTERED shutdown complete.
01:18:27.621 [SpringApplicationShutdownHook] INFO  sys-user - [shutdownAsyncManager,28] - ====关闭后台任务任务线程池====
01:18:27.628 [SpringApplicationShutdownHook] INFO  c.a.d.p.DruidDataSource - [close,2051] - {dataSource-1} closing ...
01:18:27.640 [SpringApplicationShutdownHook] INFO  c.a.d.p.DruidDataSource - [close,2124] - {dataSource-1} closed
01:18:48.501 [restartedMain] INFO  c.u.RuoYiApplication - [logStarting,55] - Starting RuoYiApplication using Java 1.8.0_432 on PC-20231006VALD with PID 20536 (C:\Users\Administrator\Desktop\xlzp\service\ueit-admin\target\classes started by Administrator in C:\Users\Administrator\Desktop\xlzp)
01:18:48.505 [restartedMain] INFO  c.u.RuoYiApplication - [logStartupProfileInfo,686] - The following 1 profile is active: "prod"
01:18:48.511 [background-preinit] INFO  o.h.v.i.util.Version - [<clinit>,21] - HV000001: Hibernate Validator 6.2.3.Final
01:18:51.709 [restartedMain] INFO  o.a.c.h.Http11NioProtocol - [log,173] - Initializing ProtocolHandler ["http-nio-8090"]
01:18:51.709 [restartedMain] INFO  o.a.c.c.StandardService - [log,173] - Starting service [Tomcat]
01:18:51.710 [restartedMain] INFO  o.a.c.c.StandardEngine - [log,173] - Starting Servlet engine: [Apache Tomcat/9.0.63]
01:18:51.822 [restartedMain] INFO  o.a.c.c.C.[.[.[/] - [log,173] - Initializing Spring embedded WebApplicationContext
01:18:53.778 [restartedMain] INFO  c.a.d.p.DruidDataSource - [init,972] - {dataSource-1} inited
01:18:56.116 [restartedMain] INFO  o.q.i.StdSchedulerFactory - [instantiate,1220] - Using default implementation for ThreadExecutor
01:18:56.128 [restartedMain] INFO  o.q.c.SchedulerSignalerImpl - [<init>,61] - Initialized Scheduler Signaller of type: class org.quartz.core.SchedulerSignalerImpl
01:18:56.128 [restartedMain] INFO  o.q.c.QuartzScheduler - [<init>,229] - Quartz Scheduler v.2.3.2 created.
01:18:56.129 [restartedMain] INFO  o.q.s.RAMJobStore - [initialize,155] - RAMJobStore initialized.
01:18:56.130 [restartedMain] INFO  o.q.c.QuartzScheduler - [initialize,294] - Scheduler meta-data: Quartz Scheduler (v2.3.2) 'quartzScheduler' with instanceId 'NON_CLUSTERED'
  Scheduler class: 'org.quartz.core.QuartzScheduler' - running locally.
  NOT STARTED.
  Currently in standby mode.
  Number of jobs executed: 0
  Using thread pool 'org.quartz.simpl.SimpleThreadPool' - with 10 threads.
  Using job-store 'org.quartz.simpl.RAMJobStore' - which does not support persistence. and is not clustered.

01:18:56.130 [restartedMain] INFO  o.q.i.StdSchedulerFactory - [instantiate,1374] - Quartz scheduler 'quartzScheduler' initialized from an externally provided properties instance.
01:18:56.130 [restartedMain] INFO  o.q.i.StdSchedulerFactory - [instantiate,1378] - Quartz scheduler version: 2.3.2
01:18:56.130 [restartedMain] INFO  o.q.c.QuartzScheduler - [setJobFactory,2293] - JobFactory set to: org.springframework.scheduling.quartz.SpringBeanJobFactory@55c4b5c1
01:18:58.059 [restartedMain] INFO  o.a.c.h.Http11NioProtocol - [log,173] - Starting ProtocolHandler ["http-nio-8090"]
01:18:58.368 [restartedMain] INFO  o.q.c.QuartzScheduler - [start,547] - Scheduler quartzScheduler_$_NON_CLUSTERED started.
01:18:58.377 [restartedMain] INFO  c.u.RuoYiApplication - [logStarted,61] - Started RuoYiApplication in 10.448 seconds (JVM running for 11.834)
01:20:50.274 [SpringApplicationShutdownHook] INFO  o.q.c.QuartzScheduler - [standby,585] - Scheduler quartzScheduler_$_NON_CLUSTERED paused.
01:20:50.634 [SpringApplicationShutdownHook] INFO  o.q.c.QuartzScheduler - [shutdown,666] - Scheduler quartzScheduler_$_NON_CLUSTERED shutting down.
01:20:50.635 [SpringApplicationShutdownHook] INFO  o.q.c.QuartzScheduler - [standby,585] - Scheduler quartzScheduler_$_NON_CLUSTERED paused.
01:20:50.636 [SpringApplicationShutdownHook] INFO  o.q.c.QuartzScheduler - [shutdown,740] - Scheduler quartzScheduler_$_NON_CLUSTERED shutdown complete.
01:20:50.636 [SpringApplicationShutdownHook] INFO  sys-user - [shutdownAsyncManager,28] - ====关闭后台任务任务线程池====
01:20:50.644 [SpringApplicationShutdownHook] INFO  c.a.d.p.DruidDataSource - [close,2051] - {dataSource-1} closing ...
01:20:50.654 [SpringApplicationShutdownHook] INFO  c.a.d.p.DruidDataSource - [close,2124] - {dataSource-1} closed
01:20:54.438 [restartedMain] INFO  c.u.RuoYiApplication - [logStarting,55] - Starting RuoYiApplication using Java 1.8.0_432 on PC-20231006VALD with PID 4188 (C:\Users\Administrator\Desktop\xlzp\service\ueit-admin\target\classes started by Administrator in C:\Users\Administrator\Desktop\xlzp)
01:20:54.441 [restartedMain] INFO  c.u.RuoYiApplication - [logStartupProfileInfo,686] - The following 1 profile is active: "prod"
01:20:54.449 [background-preinit] INFO  o.h.v.i.util.Version - [<clinit>,21] - HV000001: Hibernate Validator 6.2.3.Final
01:20:57.190 [restartedMain] INFO  o.a.c.h.Http11NioProtocol - [log,173] - Initializing ProtocolHandler ["http-nio-8090"]
01:20:57.190 [restartedMain] INFO  o.a.c.c.StandardService - [log,173] - Starting service [Tomcat]
01:20:57.190 [restartedMain] INFO  o.a.c.c.StandardEngine - [log,173] - Starting Servlet engine: [Apache Tomcat/9.0.63]
01:20:57.277 [restartedMain] INFO  o.a.c.c.C.[.[.[/] - [log,173] - Initializing Spring embedded WebApplicationContext
01:20:59.035 [restartedMain] INFO  c.a.d.p.DruidDataSource - [init,972] - {dataSource-1} inited
01:21:01.311 [restartedMain] INFO  o.q.i.StdSchedulerFactory - [instantiate,1220] - Using default implementation for ThreadExecutor
01:21:01.331 [restartedMain] INFO  o.q.c.SchedulerSignalerImpl - [<init>,61] - Initialized Scheduler Signaller of type: class org.quartz.core.SchedulerSignalerImpl
01:21:01.332 [restartedMain] INFO  o.q.c.QuartzScheduler - [<init>,229] - Quartz Scheduler v.2.3.2 created.
01:21:01.333 [restartedMain] INFO  o.q.s.RAMJobStore - [initialize,155] - RAMJobStore initialized.
01:21:01.335 [restartedMain] INFO  o.q.c.QuartzScheduler - [initialize,294] - Scheduler meta-data: Quartz Scheduler (v2.3.2) 'quartzScheduler' with instanceId 'NON_CLUSTERED'
  Scheduler class: 'org.quartz.core.QuartzScheduler' - running locally.
  NOT STARTED.
  Currently in standby mode.
  Number of jobs executed: 0
  Using thread pool 'org.quartz.simpl.SimpleThreadPool' - with 10 threads.
  Using job-store 'org.quartz.simpl.RAMJobStore' - which does not support persistence. and is not clustered.

01:21:01.336 [restartedMain] INFO  o.q.i.StdSchedulerFactory - [instantiate,1374] - Quartz scheduler 'quartzScheduler' initialized from an externally provided properties instance.
01:21:01.336 [restartedMain] INFO  o.q.i.StdSchedulerFactory - [instantiate,1378] - Quartz scheduler version: 2.3.2
01:21:01.336 [restartedMain] INFO  o.q.c.QuartzScheduler - [setJobFactory,2293] - JobFactory set to: org.springframework.scheduling.quartz.SpringBeanJobFactory@5c056328
01:21:03.591 [restartedMain] INFO  o.a.c.h.Http11NioProtocol - [log,173] - Starting ProtocolHandler ["http-nio-8090"]
01:21:03.886 [restartedMain] INFO  o.q.c.QuartzScheduler - [start,547] - Scheduler quartzScheduler_$_NON_CLUSTERED started.
01:21:03.894 [restartedMain] INFO  c.u.RuoYiApplication - [logStarted,61] - Started RuoYiApplication in 9.998 seconds (JVM running for 11.412)
01:24:20.586 [SpringApplicationShutdownHook] INFO  o.q.c.QuartzScheduler - [standby,585] - Scheduler quartzScheduler_$_NON_CLUSTERED paused.
01:24:21.032 [SpringApplicationShutdownHook] INFO  o.q.c.QuartzScheduler - [shutdown,666] - Scheduler quartzScheduler_$_NON_CLUSTERED shutting down.
01:24:21.032 [SpringApplicationShutdownHook] INFO  o.q.c.QuartzScheduler - [standby,585] - Scheduler quartzScheduler_$_NON_CLUSTERED paused.
01:24:21.033 [SpringApplicationShutdownHook] INFO  o.q.c.QuartzScheduler - [shutdown,740] - Scheduler quartzScheduler_$_NON_CLUSTERED shutdown complete.
01:24:21.033 [SpringApplicationShutdownHook] INFO  sys-user - [shutdownAsyncManager,28] - ====关闭后台任务任务线程池====
01:24:21.039 [SpringApplicationShutdownHook] INFO  c.a.d.p.DruidDataSource - [close,2051] - {dataSource-1} closing ...
01:24:21.053 [SpringApplicationShutdownHook] INFO  c.a.d.p.DruidDataSource - [close,2124] - {dataSource-1} closed
01:24:24.707 [restartedMain] INFO  c.u.RuoYiApplication - [logStarting,55] - Starting RuoYiApplication using Java 1.8.0_432 on PC-20231006VALD with PID 12072 (C:\Users\Administrator\Desktop\xlzp\service\ueit-admin\target\classes started by Administrator in C:\Users\Administrator\Desktop\xlzp)
01:24:24.710 [restartedMain] INFO  c.u.RuoYiApplication - [logStartupProfileInfo,686] - The following 1 profile is active: "prod"
01:24:24.719 [background-preinit] INFO  o.h.v.i.util.Version - [<clinit>,21] - HV000001: Hibernate Validator 6.2.3.Final
01:24:27.356 [restartedMain] INFO  o.a.c.h.Http11NioProtocol - [log,173] - Initializing ProtocolHandler ["http-nio-8090"]
01:24:27.357 [restartedMain] INFO  o.a.c.c.StandardService - [log,173] - Starting service [Tomcat]
01:24:27.357 [restartedMain] INFO  o.a.c.c.StandardEngine - [log,173] - Starting Servlet engine: [Apache Tomcat/9.0.63]
01:24:27.444 [restartedMain] INFO  o.a.c.c.C.[.[.[/] - [log,173] - Initializing Spring embedded WebApplicationContext
01:24:29.158 [restartedMain] INFO  c.a.d.p.DruidDataSource - [init,972] - {dataSource-1} inited
01:24:31.180 [restartedMain] INFO  o.q.i.StdSchedulerFactory - [instantiate,1220] - Using default implementation for ThreadExecutor
01:24:31.191 [restartedMain] INFO  o.q.c.SchedulerSignalerImpl - [<init>,61] - Initialized Scheduler Signaller of type: class org.quartz.core.SchedulerSignalerImpl
01:24:31.191 [restartedMain] INFO  o.q.c.QuartzScheduler - [<init>,229] - Quartz Scheduler v.2.3.2 created.
01:24:31.192 [restartedMain] INFO  o.q.s.RAMJobStore - [initialize,155] - RAMJobStore initialized.
01:24:31.193 [restartedMain] INFO  o.q.c.QuartzScheduler - [initialize,294] - Scheduler meta-data: Quartz Scheduler (v2.3.2) 'quartzScheduler' with instanceId 'NON_CLUSTERED'
  Scheduler class: 'org.quartz.core.QuartzScheduler' - running locally.
  NOT STARTED.
  Currently in standby mode.
  Number of jobs executed: 0
  Using thread pool 'org.quartz.simpl.SimpleThreadPool' - with 10 threads.
  Using job-store 'org.quartz.simpl.RAMJobStore' - which does not support persistence. and is not clustered.

01:24:31.193 [restartedMain] INFO  o.q.i.StdSchedulerFactory - [instantiate,1374] - Quartz scheduler 'quartzScheduler' initialized from an externally provided properties instance.
01:24:31.193 [restartedMain] INFO  o.q.i.StdSchedulerFactory - [instantiate,1378] - Quartz scheduler version: 2.3.2
01:24:31.193 [restartedMain] INFO  o.q.c.QuartzScheduler - [setJobFactory,2293] - JobFactory set to: org.springframework.scheduling.quartz.SpringBeanJobFactory@7aca70e2
01:24:32.929 [restartedMain] INFO  o.a.c.h.Http11NioProtocol - [log,173] - Starting ProtocolHandler ["http-nio-8090"]
01:24:33.208 [restartedMain] INFO  o.q.c.QuartzScheduler - [start,547] - Scheduler quartzScheduler_$_NON_CLUSTERED started.
01:24:33.216 [restartedMain] INFO  c.u.RuoYiApplication - [logStarted,61] - Started RuoYiApplication in 9.04 seconds (JVM running for 10.508)
01:36:22.601 [SpringApplicationShutdownHook] INFO  o.q.c.QuartzScheduler - [standby,585] - Scheduler quartzScheduler_$_NON_CLUSTERED paused.
01:36:22.905 [SpringApplicationShutdownHook] INFO  o.q.c.QuartzScheduler - [shutdown,666] - Scheduler quartzScheduler_$_NON_CLUSTERED shutting down.
01:36:22.906 [SpringApplicationShutdownHook] INFO  o.q.c.QuartzScheduler - [standby,585] - Scheduler quartzScheduler_$_NON_CLUSTERED paused.
01:36:22.907 [SpringApplicationShutdownHook] INFO  o.q.c.QuartzScheduler - [shutdown,740] - Scheduler quartzScheduler_$_NON_CLUSTERED shutdown complete.
01:36:22.907 [SpringApplicationShutdownHook] INFO  sys-user - [shutdownAsyncManager,28] - ====关闭后台任务任务线程池====
01:36:22.911 [SpringApplicationShutdownHook] INFO  c.a.d.p.DruidDataSource - [close,2051] - {dataSource-1} closing ...
01:36:22.919 [SpringApplicationShutdownHook] INFO  c.a.d.p.DruidDataSource - [close,2124] - {dataSource-1} closed
01:36:26.873 [restartedMain] INFO  c.u.RuoYiApplication - [logStarting,55] - Starting RuoYiApplication using Java 1.8.0_432 on PC-20231006VALD with PID 17520 (C:\Users\Administrator\Desktop\xlzp\service\ueit-admin\target\classes started by Administrator in C:\Users\Administrator\Desktop\xlzp)
01:36:26.876 [restartedMain] INFO  c.u.RuoYiApplication - [logStartupProfileInfo,686] - The following 1 profile is active: "prod"
01:36:26.879 [background-preinit] INFO  o.h.v.i.util.Version - [<clinit>,21] - HV000001: Hibernate Validator 6.2.3.Final
01:36:30.587 [restartedMain] INFO  o.a.c.h.Http11NioProtocol - [log,173] - Initializing ProtocolHandler ["http-nio-8090"]
01:36:30.589 [restartedMain] INFO  o.a.c.c.StandardService - [log,173] - Starting service [Tomcat]
01:36:30.589 [restartedMain] INFO  o.a.c.c.StandardEngine - [log,173] - Starting Servlet engine: [Apache Tomcat/9.0.63]
01:36:30.743 [restartedMain] INFO  o.a.c.c.C.[.[.[/] - [log,173] - Initializing Spring embedded WebApplicationContext
01:36:33.404 [restartedMain] INFO  c.a.d.p.DruidDataSource - [init,972] - {dataSource-1} inited
01:36:36.931 [restartedMain] INFO  o.q.i.StdSchedulerFactory - [instantiate,1220] - Using default implementation for ThreadExecutor
01:36:36.950 [restartedMain] INFO  o.q.c.SchedulerSignalerImpl - [<init>,61] - Initialized Scheduler Signaller of type: class org.quartz.core.SchedulerSignalerImpl
01:36:36.950 [restartedMain] INFO  o.q.c.QuartzScheduler - [<init>,229] - Quartz Scheduler v.2.3.2 created.
01:36:36.951 [restartedMain] INFO  o.q.s.RAMJobStore - [initialize,155] - RAMJobStore initialized.
01:36:36.953 [restartedMain] INFO  o.q.c.QuartzScheduler - [initialize,294] - Scheduler meta-data: Quartz Scheduler (v2.3.2) 'quartzScheduler' with instanceId 'NON_CLUSTERED'
  Scheduler class: 'org.quartz.core.QuartzScheduler' - running locally.
  NOT STARTED.
  Currently in standby mode.
  Number of jobs executed: 0
  Using thread pool 'org.quartz.simpl.SimpleThreadPool' - with 10 threads.
  Using job-store 'org.quartz.simpl.RAMJobStore' - which does not support persistence. and is not clustered.

01:36:36.954 [restartedMain] INFO  o.q.i.StdSchedulerFactory - [instantiate,1374] - Quartz scheduler 'quartzScheduler' initialized from an externally provided properties instance.
01:36:36.954 [restartedMain] INFO  o.q.i.StdSchedulerFactory - [instantiate,1378] - Quartz scheduler version: 2.3.2
01:36:36.955 [restartedMain] INFO  o.q.c.QuartzScheduler - [setJobFactory,2293] - JobFactory set to: org.springframework.scheduling.quartz.SpringBeanJobFactory@302727b1
01:36:39.996 [restartedMain] INFO  o.a.c.h.Http11NioProtocol - [log,173] - Starting ProtocolHandler ["http-nio-8090"]
01:36:40.438 [restartedMain] INFO  o.q.c.QuartzScheduler - [start,547] - Scheduler quartzScheduler_$_NON_CLUSTERED started.
01:36:40.452 [restartedMain] INFO  c.u.RuoYiApplication - [logStarted,61] - Started RuoYiApplication in 14.181 seconds (JVM running for 15.71)
01:38:41.198 [SpringApplicationShutdownHook] INFO  o.q.c.QuartzScheduler - [standby,585] - Scheduler quartzScheduler_$_NON_CLUSTERED paused.
01:38:41.636 [SpringApplicationShutdownHook] INFO  o.q.c.QuartzScheduler - [shutdown,666] - Scheduler quartzScheduler_$_NON_CLUSTERED shutting down.
01:38:41.636 [SpringApplicationShutdownHook] INFO  o.q.c.QuartzScheduler - [standby,585] - Scheduler quartzScheduler_$_NON_CLUSTERED paused.
01:38:41.637 [SpringApplicationShutdownHook] INFO  o.q.c.QuartzScheduler - [shutdown,740] - Scheduler quartzScheduler_$_NON_CLUSTERED shutdown complete.
01:38:41.637 [SpringApplicationShutdownHook] INFO  sys-user - [shutdownAsyncManager,28] - ====关闭后台任务任务线程池====
01:38:41.641 [SpringApplicationShutdownHook] INFO  c.a.d.p.DruidDataSource - [close,2051] - {dataSource-1} closing ...
01:38:41.651 [SpringApplicationShutdownHook] INFO  c.a.d.p.DruidDataSource - [close,2124] - {dataSource-1} closed
01:38:47.812 [restartedMain] INFO  c.u.RuoYiApplication - [logStarting,55] - Starting RuoYiApplication using Java 1.8.0_432 on PC-20231006VALD with PID 21148 (C:\Users\Administrator\Desktop\xlzp\service\ueit-admin\target\classes started by Administrator in C:\Users\Administrator\Desktop\xlzp)
01:38:47.819 [restartedMain] INFO  c.u.RuoYiApplication - [logStartupProfileInfo,686] - The following 1 profile is active: "prod"
01:38:47.828 [background-preinit] INFO  o.h.v.i.util.Version - [<clinit>,21] - HV000001: Hibernate Validator 6.2.3.Final
01:38:52.318 [restartedMain] INFO  o.a.c.h.Http11NioProtocol - [log,173] - Initializing ProtocolHandler ["http-nio-8090"]
01:38:52.319 [restartedMain] INFO  o.a.c.c.StandardService - [log,173] - Starting service [Tomcat]
01:38:52.320 [restartedMain] INFO  o.a.c.c.StandardEngine - [log,173] - Starting Servlet engine: [Apache Tomcat/9.0.63]
01:38:52.446 [restartedMain] INFO  o.a.c.c.C.[.[.[/] - [log,173] - Initializing Spring embedded WebApplicationContext
01:38:55.065 [restartedMain] INFO  c.a.d.p.DruidDataSource - [init,972] - {dataSource-1} inited
01:38:57.734 [restartedMain] INFO  o.q.i.StdSchedulerFactory - [instantiate,1220] - Using default implementation for ThreadExecutor
01:38:57.746 [restartedMain] INFO  o.q.c.SchedulerSignalerImpl - [<init>,61] - Initialized Scheduler Signaller of type: class org.quartz.core.SchedulerSignalerImpl
01:38:57.747 [restartedMain] INFO  o.q.c.QuartzScheduler - [<init>,229] - Quartz Scheduler v.2.3.2 created.
01:38:57.748 [restartedMain] INFO  o.q.s.RAMJobStore - [initialize,155] - RAMJobStore initialized.
01:38:57.748 [restartedMain] INFO  o.q.c.QuartzScheduler - [initialize,294] - Scheduler meta-data: Quartz Scheduler (v2.3.2) 'quartzScheduler' with instanceId 'NON_CLUSTERED'
  Scheduler class: 'org.quartz.core.QuartzScheduler' - running locally.
  NOT STARTED.
  Currently in standby mode.
  Number of jobs executed: 0
  Using thread pool 'org.quartz.simpl.SimpleThreadPool' - with 10 threads.
  Using job-store 'org.quartz.simpl.RAMJobStore' - which does not support persistence. and is not clustered.

01:38:57.749 [restartedMain] INFO  o.q.i.StdSchedulerFactory - [instantiate,1374] - Quartz scheduler 'quartzScheduler' initialized from an externally provided properties instance.
01:38:57.749 [restartedMain] INFO  o.q.i.StdSchedulerFactory - [instantiate,1378] - Quartz scheduler version: 2.3.2
01:38:57.749 [restartedMain] INFO  o.q.c.QuartzScheduler - [setJobFactory,2293] - JobFactory set to: org.springframework.scheduling.quartz.SpringBeanJobFactory@3fb4b268
01:38:59.678 [restartedMain] INFO  o.a.c.h.Http11NioProtocol - [log,173] - Starting ProtocolHandler ["http-nio-8090"]
01:38:59.967 [restartedMain] INFO  o.q.c.QuartzScheduler - [start,547] - Scheduler quartzScheduler_$_NON_CLUSTERED started.
01:38:59.977 [restartedMain] INFO  c.u.RuoYiApplication - [logStarted,61] - Started RuoYiApplication in 13.096 seconds (JVM running for 15.446)
01:40:20.536 [SpringApplicationShutdownHook] INFO  o.q.c.QuartzScheduler - [standby,585] - Scheduler quartzScheduler_$_NON_CLUSTERED paused.
01:40:20.915 [SpringApplicationShutdownHook] INFO  o.q.c.QuartzScheduler - [shutdown,666] - Scheduler quartzScheduler_$_NON_CLUSTERED shutting down.
01:40:20.915 [SpringApplicationShutdownHook] INFO  o.q.c.QuartzScheduler - [standby,585] - Scheduler quartzScheduler_$_NON_CLUSTERED paused.
01:40:20.916 [SpringApplicationShutdownHook] INFO  o.q.c.QuartzScheduler - [shutdown,740] - Scheduler quartzScheduler_$_NON_CLUSTERED shutdown complete.
01:40:20.916 [SpringApplicationShutdownHook] INFO  sys-user - [shutdownAsyncManager,28] - ====关闭后台任务任务线程池====
01:40:20.919 [SpringApplicationShutdownHook] INFO  c.a.d.p.DruidDataSource - [close,2051] - {dataSource-1} closing ...
01:40:20.928 [SpringApplicationShutdownHook] INFO  c.a.d.p.DruidDataSource - [close,2124] - {dataSource-1} closed
01:40:27.536 [restartedMain] INFO  c.u.RuoYiApplication - [logStarting,55] - Starting RuoYiApplication using Java 1.8.0_432 on PC-20231006VALD with PID 19048 (C:\Users\Administrator\Desktop\xlzp\service\ueit-admin\target\classes started by Administrator in C:\Users\Administrator\Desktop\xlzp)
01:40:27.541 [restartedMain] INFO  c.u.RuoYiApplication - [logStartupProfileInfo,686] - The following 1 profile is active: "prod"
01:40:27.549 [background-preinit] INFO  o.h.v.i.util.Version - [<clinit>,21] - HV000001: Hibernate Validator 6.2.3.Final
01:40:30.793 [restartedMain] INFO  o.a.c.h.Http11NioProtocol - [log,173] - Initializing ProtocolHandler ["http-nio-8090"]
01:40:30.793 [restartedMain] INFO  o.a.c.c.StandardService - [log,173] - Starting service [Tomcat]
01:40:30.794 [restartedMain] INFO  o.a.c.c.StandardEngine - [log,173] - Starting Servlet engine: [Apache Tomcat/9.0.63]
01:40:30.887 [restartedMain] INFO  o.a.c.c.C.[.[.[/] - [log,173] - Initializing Spring embedded WebApplicationContext
01:40:32.701 [restartedMain] INFO  c.a.d.p.DruidDataSource - [init,972] - {dataSource-1} inited
01:40:34.860 [restartedMain] INFO  o.q.i.StdSchedulerFactory - [instantiate,1220] - Using default implementation for ThreadExecutor
01:40:34.871 [restartedMain] INFO  o.q.c.SchedulerSignalerImpl - [<init>,61] - Initialized Scheduler Signaller of type: class org.quartz.core.SchedulerSignalerImpl
01:40:34.872 [restartedMain] INFO  o.q.c.QuartzScheduler - [<init>,229] - Quartz Scheduler v.2.3.2 created.
01:40:34.873 [restartedMain] INFO  o.q.s.RAMJobStore - [initialize,155] - RAMJobStore initialized.
01:40:34.873 [restartedMain] INFO  o.q.c.QuartzScheduler - [initialize,294] - Scheduler meta-data: Quartz Scheduler (v2.3.2) 'quartzScheduler' with instanceId 'NON_CLUSTERED'
  Scheduler class: 'org.quartz.core.QuartzScheduler' - running locally.
  NOT STARTED.
  Currently in standby mode.
  Number of jobs executed: 0
  Using thread pool 'org.quartz.simpl.SimpleThreadPool' - with 10 threads.
  Using job-store 'org.quartz.simpl.RAMJobStore' - which does not support persistence. and is not clustered.

01:40:34.874 [restartedMain] INFO  o.q.i.StdSchedulerFactory - [instantiate,1374] - Quartz scheduler 'quartzScheduler' initialized from an externally provided properties instance.
01:40:34.874 [restartedMain] INFO  o.q.i.StdSchedulerFactory - [instantiate,1378] - Quartz scheduler version: 2.3.2
01:40:34.874 [restartedMain] INFO  o.q.c.QuartzScheduler - [setJobFactory,2293] - JobFactory set to: org.springframework.scheduling.quartz.SpringBeanJobFactory@1050cc34
01:40:36.692 [restartedMain] INFO  o.a.c.h.Http11NioProtocol - [log,173] - Starting ProtocolHandler ["http-nio-8090"]
01:40:36.982 [restartedMain] INFO  o.q.c.QuartzScheduler - [start,547] - Scheduler quartzScheduler_$_NON_CLUSTERED started.
01:40:36.991 [restartedMain] INFO  c.u.RuoYiApplication - [logStarted,61] - Started RuoYiApplication in 10.223 seconds (JVM running for 12.028)
01:42:21.335 [SpringApplicationShutdownHook] INFO  o.q.c.QuartzScheduler - [standby,585] - Scheduler quartzScheduler_$_NON_CLUSTERED paused.
01:42:21.785 [SpringApplicationShutdownHook] INFO  o.q.c.QuartzScheduler - [shutdown,666] - Scheduler quartzScheduler_$_NON_CLUSTERED shutting down.
01:42:21.786 [SpringApplicationShutdownHook] INFO  o.q.c.QuartzScheduler - [standby,585] - Scheduler quartzScheduler_$_NON_CLUSTERED paused.
01:42:21.786 [SpringApplicationShutdownHook] INFO  o.q.c.QuartzScheduler - [shutdown,740] - Scheduler quartzScheduler_$_NON_CLUSTERED shutdown complete.
01:42:21.787 [SpringApplicationShutdownHook] INFO  sys-user - [shutdownAsyncManager,28] - ====关闭后台任务任务线程池====
01:42:21.791 [SpringApplicationShutdownHook] INFO  c.a.d.p.DruidDataSource - [close,2051] - {dataSource-1} closing ...
01:42:21.801 [SpringApplicationShutdownHook] INFO  c.a.d.p.DruidDataSource - [close,2124] - {dataSource-1} closed
01:42:27.313 [restartedMain] INFO  c.u.RuoYiApplication - [logStarting,55] - Starting RuoYiApplication using Java 1.8.0_432 on PC-20231006VALD with PID 13428 (C:\Users\Administrator\Desktop\xlzp\service\ueit-admin\target\classes started by Administrator in C:\Users\Administrator\Desktop\xlzp)
01:42:27.316 [background-preinit] INFO  o.h.v.i.util.Version - [<clinit>,21] - HV000001: Hibernate Validator 6.2.3.Final
01:42:27.318 [restartedMain] INFO  c.u.RuoYiApplication - [logStartupProfileInfo,686] - The following 1 profile is active: "prod"
01:42:30.737 [restartedMain] INFO  o.a.c.h.Http11NioProtocol - [log,173] - Initializing ProtocolHandler ["http-nio-8090"]
01:42:30.738 [restartedMain] INFO  o.a.c.c.StandardService - [log,173] - Starting service [Tomcat]
01:42:30.738 [restartedMain] INFO  o.a.c.c.StandardEngine - [log,173] - Starting Servlet engine: [Apache Tomcat/9.0.63]
01:42:30.835 [restartedMain] INFO  o.a.c.c.C.[.[.[/] - [log,173] - Initializing Spring embedded WebApplicationContext
01:42:32.838 [restartedMain] INFO  c.a.d.p.DruidDataSource - [init,972] - {dataSource-1} inited
01:42:35.561 [restartedMain] INFO  o.q.i.StdSchedulerFactory - [instantiate,1220] - Using default implementation for ThreadExecutor
01:42:35.574 [restartedMain] INFO  o.q.c.SchedulerSignalerImpl - [<init>,61] - Initialized Scheduler Signaller of type: class org.quartz.core.SchedulerSignalerImpl
01:42:35.574 [restartedMain] INFO  o.q.c.QuartzScheduler - [<init>,229] - Quartz Scheduler v.2.3.2 created.
01:42:35.575 [restartedMain] INFO  o.q.s.RAMJobStore - [initialize,155] - RAMJobStore initialized.
01:42:35.576 [restartedMain] INFO  o.q.c.QuartzScheduler - [initialize,294] - Scheduler meta-data: Quartz Scheduler (v2.3.2) 'quartzScheduler' with instanceId 'NON_CLUSTERED'
  Scheduler class: 'org.quartz.core.QuartzScheduler' - running locally.
  NOT STARTED.
  Currently in standby mode.
  Number of jobs executed: 0
  Using thread pool 'org.quartz.simpl.SimpleThreadPool' - with 10 threads.
  Using job-store 'org.quartz.simpl.RAMJobStore' - which does not support persistence. and is not clustered.

01:42:35.576 [restartedMain] INFO  o.q.i.StdSchedulerFactory - [instantiate,1374] - Quartz scheduler 'quartzScheduler' initialized from an externally provided properties instance.
01:42:35.577 [restartedMain] INFO  o.q.i.StdSchedulerFactory - [instantiate,1378] - Quartz scheduler version: 2.3.2
01:42:35.577 [restartedMain] INFO  o.q.c.QuartzScheduler - [setJobFactory,2293] - JobFactory set to: org.springframework.scheduling.quartz.SpringBeanJobFactory@363bdf04
01:42:37.562 [restartedMain] INFO  o.a.c.h.Http11NioProtocol - [log,173] - Starting ProtocolHandler ["http-nio-8090"]
01:42:37.867 [restartedMain] INFO  o.q.c.QuartzScheduler - [start,547] - Scheduler quartzScheduler_$_NON_CLUSTERED started.
01:42:37.876 [restartedMain] INFO  c.u.RuoYiApplication - [logStarted,61] - Started RuoYiApplication in 11.222 seconds (JVM running for 13.321)
01:47:47.678 [SpringApplicationShutdownHook] INFO  o.q.c.QuartzScheduler - [standby,585] - Scheduler quartzScheduler_$_NON_CLUSTERED paused.
01:47:48.368 [SpringApplicationShutdownHook] INFO  o.q.c.QuartzScheduler - [shutdown,666] - Scheduler quartzScheduler_$_NON_CLUSTERED shutting down.
01:47:48.375 [SpringApplicationShutdownHook] INFO  o.q.c.QuartzScheduler - [standby,585] - Scheduler quartzScheduler_$_NON_CLUSTERED paused.
01:47:48.376 [SpringApplicationShutdownHook] INFO  o.q.c.QuartzScheduler - [shutdown,740] - Scheduler quartzScheduler_$_NON_CLUSTERED shutdown complete.
01:47:48.379 [SpringApplicationShutdownHook] INFO  sys-user - [shutdownAsyncManager,28] - ====关闭后台任务任务线程池====
10:03:00.642 [restartedMain] INFO  c.u.RuoYiApplication - [logStarting,55] - Starting RuoYiApplication using Java 1.8.0_432 on PC-20231006VALD with PID 664 (C:\Users\Administrator\Desktop\xlzp\service\ueit-admin\target\classes started by Administrator in C:\Users\Administrator\Desktop\xlzp)
10:03:00.646 [restartedMain] INFO  c.u.RuoYiApplication - [logStartupProfileInfo,686] - The following 1 profile is active: "prod"
10:03:00.651 [background-preinit] INFO  o.h.v.i.util.Version - [<clinit>,21] - HV000001: Hibernate Validator 6.2.3.Final
10:03:04.273 [restartedMain] INFO  o.a.c.h.Http11NioProtocol - [log,173] - Initializing ProtocolHandler ["http-nio-8090"]
10:03:04.274 [restartedMain] INFO  o.a.c.c.StandardService - [log,173] - Starting service [Tomcat]
10:03:04.275 [restartedMain] INFO  o.a.c.c.StandardEngine - [log,173] - Starting Servlet engine: [Apache Tomcat/9.0.63]
10:03:04.418 [restartedMain] INFO  o.a.c.c.C.[.[.[/] - [log,173] - Initializing Spring embedded WebApplicationContext
10:03:07.219 [restartedMain] INFO  c.a.d.p.DruidDataSource - [init,972] - {dataSource-1} inited
10:03:07.225 [Druid-ConnectionPool-Create-780481502] INFO  c.a.d.p.DruidAbstractDataSource - [setFailContinuous,1790] - {dataSource-1} failContinuous is true
10:03:07.228 [restartedMain] INFO  c.a.d.p.DruidDataSource - [close,2051] - {dataSource-1} closing ...
10:03:07.230 [restartedMain] INFO  c.a.d.p.DruidDataSource - [close,2124] - {dataSource-1} closed
10:03:07.267 [restartedMain] INFO  o.a.c.c.StandardService - [log,173] - Stopping service [Tomcat]
10:04:04.583 [restartedMain] INFO  c.u.RuoYiApplication - [logStarting,55] - Starting RuoYiApplication using Java 1.8.0_432 on PC-20231006VALD with PID 9740 (C:\Users\Administrator\Desktop\xlzp\service\ueit-admin\target\classes started by Administrator in C:\Users\Administrator\Desktop\xlzp)
10:04:04.590 [restartedMain] INFO  c.u.RuoYiApplication - [logStartupProfileInfo,686] - The following 1 profile is active: "prod"
10:04:04.603 [background-preinit] INFO  o.h.v.i.util.Version - [<clinit>,21] - HV000001: Hibernate Validator 6.2.3.Final
10:04:09.468 [restartedMain] INFO  o.a.c.h.Http11NioProtocol - [log,173] - Initializing ProtocolHandler ["http-nio-8090"]
10:04:09.469 [restartedMain] INFO  o.a.c.c.StandardService - [log,173] - Starting service [Tomcat]
10:04:09.469 [restartedMain] INFO  o.a.c.c.StandardEngine - [log,173] - Starting Servlet engine: [Apache Tomcat/9.0.63]
10:04:09.595 [restartedMain] INFO  o.a.c.c.C.[.[.[/] - [log,173] - Initializing Spring embedded WebApplicationContext
10:04:12.025 [restartedMain] INFO  c.a.d.p.DruidDataSource - [init,972] - {dataSource-1} inited
10:04:15.659 [restartedMain] INFO  c.a.d.p.DruidDataSource - [close,2051] - {dataSource-1} closing ...
10:04:15.664 [restartedMain] INFO  c.a.d.p.DruidDataSource - [close,2124] - {dataSource-1} closed
10:04:15.806 [restartedMain] INFO  o.a.c.c.StandardService - [log,173] - Stopping service [Tomcat]
10:05:29.461 [restartedMain] INFO  c.u.RuoYiApplication - [logStarting,55] - Starting RuoYiApplication using Java 1.8.0_432 on PC-20231006VALD with PID 2228 (C:\Users\Administrator\Desktop\xlzp\service\ueit-admin\target\classes started by Administrator in C:\Users\Administrator\Desktop\xlzp)
10:05:29.465 [restartedMain] INFO  c.u.RuoYiApplication - [logStartupProfileInfo,686] - The following 1 profile is active: "prod"
10:05:29.469 [background-preinit] INFO  o.h.v.i.util.Version - [<clinit>,21] - HV000001: Hibernate Validator 6.2.3.Final
10:05:32.196 [restartedMain] INFO  o.a.c.h.Http11NioProtocol - [log,173] - Initializing ProtocolHandler ["http-nio-8090"]
10:05:32.198 [restartedMain] INFO  o.a.c.c.StandardService - [log,173] - Starting service [Tomcat]
10:05:32.198 [restartedMain] INFO  o.a.c.c.StandardEngine - [log,173] - Starting Servlet engine: [Apache Tomcat/9.0.63]
10:05:32.285 [restartedMain] INFO  o.a.c.c.C.[.[.[/] - [log,173] - Initializing Spring embedded WebApplicationContext
10:05:34.060 [restartedMain] INFO  c.a.d.p.DruidDataSource - [init,972] - {dataSource-1} inited
10:05:36.295 [restartedMain] INFO  o.q.i.StdSchedulerFactory - [instantiate,1220] - Using default implementation for ThreadExecutor
10:05:36.313 [restartedMain] INFO  o.q.c.SchedulerSignalerImpl - [<init>,61] - Initialized Scheduler Signaller of type: class org.quartz.core.SchedulerSignalerImpl
10:05:36.313 [restartedMain] INFO  o.q.c.QuartzScheduler - [<init>,229] - Quartz Scheduler v.2.3.2 created.
10:05:36.314 [restartedMain] INFO  o.q.s.RAMJobStore - [initialize,155] - RAMJobStore initialized.
10:05:36.315 [restartedMain] INFO  o.q.c.QuartzScheduler - [initialize,294] - Scheduler meta-data: Quartz Scheduler (v2.3.2) 'quartzScheduler' with instanceId 'NON_CLUSTERED'
  Scheduler class: 'org.quartz.core.QuartzScheduler' - running locally.
  NOT STARTED.
  Currently in standby mode.
  Number of jobs executed: 0
  Using thread pool 'org.quartz.simpl.SimpleThreadPool' - with 10 threads.
  Using job-store 'org.quartz.simpl.RAMJobStore' - which does not support persistence. and is not clustered.

10:05:36.315 [restartedMain] INFO  o.q.i.StdSchedulerFactory - [instantiate,1374] - Quartz scheduler 'quartzScheduler' initialized from an externally provided properties instance.
10:05:36.315 [restartedMain] INFO  o.q.i.StdSchedulerFactory - [instantiate,1378] - Quartz scheduler version: 2.3.2
10:05:36.315 [restartedMain] INFO  o.q.c.QuartzScheduler - [setJobFactory,2293] - JobFactory set to: org.springframework.scheduling.quartz.SpringBeanJobFactory@5b4fc104
10:05:38.258 [restartedMain] INFO  o.a.c.h.Http11NioProtocol - [log,173] - Starting ProtocolHandler ["http-nio-8090"]
10:05:38.558 [restartedMain] INFO  o.q.c.QuartzScheduler - [start,547] - Scheduler quartzScheduler_$_NON_CLUSTERED started.
10:05:38.568 [restartedMain] INFO  c.u.RuoYiApplication - [logStarted,61] - Started RuoYiApplication in 9.596 seconds (JVM running for 11.088)
10:06:28.757 [SpringApplicationShutdownHook] INFO  o.q.c.QuartzScheduler - [standby,585] - Scheduler quartzScheduler_$_NON_CLUSTERED paused.
10:06:29.949 [SpringApplicationShutdownHook] INFO  o.q.c.QuartzScheduler - [shutdown,666] - Scheduler quartzScheduler_$_NON_CLUSTERED shutting down.
10:06:29.951 [SpringApplicationShutdownHook] INFO  o.q.c.QuartzScheduler - [standby,585] - Scheduler quartzScheduler_$_NON_CLUSTERED paused.
10:06:29.952 [SpringApplicationShutdownHook] INFO  o.q.c.QuartzScheduler - [shutdown,740] - Scheduler quartzScheduler_$_NON_CLUSTERED shutdown complete.
10:06:29.954 [SpringApplicationShutdownHook] INFO  sys-user - [shutdownAsyncManager,28] - ====关闭后台任务任务线程池====
10:06:29.972 [SpringApplicationShutdownHook] INFO  c.a.d.p.DruidDataSource - [close,2051] - {dataSource-1} closing ...
10:06:30.005 [SpringApplicationShutdownHook] INFO  c.a.d.p.DruidDataSource - [close,2124] - {dataSource-1} closed
15:08:22.297 [restartedMain] INFO  c.u.RuoYiApplication - [logStarting,55] - Starting RuoYiApplication using Java 1.8.0_432 on PC-20231006VALD with PID 2740 (C:\Users\Administrator\Desktop\xlzp\service\ueit-admin\target\classes started by Administrator in C:\Users\Administrator\Desktop\xlzp)
15:08:22.301 [restartedMain] INFO  c.u.RuoYiApplication - [logStartupProfileInfo,686] - The following 1 profile is active: "prod"
15:08:22.303 [background-preinit] INFO  o.h.v.i.util.Version - [<clinit>,21] - HV000001: Hibernate Validator 6.2.3.Final
15:08:29.029 [restartedMain] INFO  c.a.d.p.DruidDataSource - [init,972] - {dataSource-1} inited
15:08:32.773 [restartedMain] INFO  c.a.d.p.DruidDataSource - [close,2051] - {dataSource-1} closing ...
15:08:32.785 [restartedMain] INFO  c.a.d.p.DruidDataSource - [close,2124] - {dataSource-1} closed
15:09:34.496 [restartedMain] INFO  c.u.RuoYiApplication - [logStarting,55] - Starting RuoYiApplication using Java 1.8.0_432 on PC-20231006VALD with PID 14076 (C:\Users\Administrator\Desktop\xlzp\service\ueit-admin\target\classes started by Administrator in C:\Users\Administrator\Desktop\xlzp)
15:09:34.502 [restartedMain] INFO  c.u.RuoYiApplication - [logStartupProfileInfo,686] - The following 1 profile is active: "prod"
15:09:34.502 [background-preinit] INFO  o.h.v.i.util.Version - [<clinit>,21] - HV000001: Hibernate Validator 6.2.3.Final
15:09:37.202 [restartedMain] INFO  o.a.c.h.Http11NioProtocol - [log,173] - Initializing ProtocolHandler ["http-nio-8090"]
15:09:37.202 [restartedMain] INFO  o.a.c.c.StandardService - [log,173] - Starting service [Tomcat]
15:09:37.203 [restartedMain] INFO  o.a.c.c.StandardEngine - [log,173] - Starting Servlet engine: [Apache Tomcat/9.0.63]
15:09:37.290 [restartedMain] INFO  o.a.c.c.C.[.[.[/] - [log,173] - Initializing Spring embedded WebApplicationContext
15:09:39.161 [restartedMain] INFO  c.a.d.p.DruidDataSource - [init,972] - {dataSource-1} inited
15:09:41.330 [restartedMain] INFO  o.q.i.StdSchedulerFactory - [instantiate,1220] - Using default implementation for ThreadExecutor
15:09:41.346 [restartedMain] INFO  o.q.c.SchedulerSignalerImpl - [<init>,61] - Initialized Scheduler Signaller of type: class org.quartz.core.SchedulerSignalerImpl
15:09:41.346 [restartedMain] INFO  o.q.c.QuartzScheduler - [<init>,229] - Quartz Scheduler v.2.3.2 created.
15:09:41.347 [restartedMain] INFO  o.q.s.RAMJobStore - [initialize,155] - RAMJobStore initialized.
15:09:41.348 [restartedMain] INFO  o.q.c.QuartzScheduler - [initialize,294] - Scheduler meta-data: Quartz Scheduler (v2.3.2) 'quartzScheduler' with instanceId 'NON_CLUSTERED'
  Scheduler class: 'org.quartz.core.QuartzScheduler' - running locally.
  NOT STARTED.
  Currently in standby mode.
  Number of jobs executed: 0
  Using thread pool 'org.quartz.simpl.SimpleThreadPool' - with 10 threads.
  Using job-store 'org.quartz.simpl.RAMJobStore' - which does not support persistence. and is not clustered.

15:09:41.348 [restartedMain] INFO  o.q.i.StdSchedulerFactory - [instantiate,1374] - Quartz scheduler 'quartzScheduler' initialized from an externally provided properties instance.
15:09:41.348 [restartedMain] INFO  o.q.i.StdSchedulerFactory - [instantiate,1378] - Quartz scheduler version: 2.3.2
15:09:41.349 [restartedMain] INFO  o.q.c.QuartzScheduler - [setJobFactory,2293] - JobFactory set to: org.springframework.scheduling.quartz.SpringBeanJobFactory@29801e27
15:09:43.182 [restartedMain] INFO  o.a.c.h.Http11NioProtocol - [log,173] - Starting ProtocolHandler ["http-nio-8090"]
15:09:43.468 [restartedMain] INFO  o.q.c.QuartzScheduler - [start,547] - Scheduler quartzScheduler_$_NON_CLUSTERED started.
15:09:43.476 [restartedMain] INFO  c.u.RuoYiApplication - [logStarted,61] - Started RuoYiApplication in 9.657 seconds (JVM running for 11.215)
15:19:07.695 [SpringApplicationShutdownHook] INFO  o.q.c.QuartzScheduler - [standby,585] - Scheduler quartzScheduler_$_NON_CLUSTERED paused.
15:19:08.261 [SpringApplicationShutdownHook] INFO  o.q.c.QuartzScheduler - [shutdown,666] - Scheduler quartzScheduler_$_NON_CLUSTERED shutting down.
15:19:08.262 [SpringApplicationShutdownHook] INFO  o.q.c.QuartzScheduler - [standby,585] - Scheduler quartzScheduler_$_NON_CLUSTERED paused.
15:19:08.262 [SpringApplicationShutdownHook] INFO  o.q.c.QuartzScheduler - [shutdown,740] - Scheduler quartzScheduler_$_NON_CLUSTERED shutdown complete.
15:19:08.263 [SpringApplicationShutdownHook] INFO  sys-user - [shutdownAsyncManager,28] - ====关闭后台任务任务线程池====
15:19:08.268 [SpringApplicationShutdownHook] INFO  c.a.d.p.DruidDataSource - [close,2051] - {dataSource-1} closing ...
15:19:08.277 [SpringApplicationShutdownHook] INFO  c.a.d.p.DruidDataSource - [close,2124] - {dataSource-1} closed
15:19:13.045 [restartedMain] INFO  c.u.RuoYiApplication - [logStarting,55] - Starting RuoYiApplication using Java 1.8.0_432 on PC-20231006VALD with PID 2876 (C:\Users\Administrator\Desktop\xlzp\service\ueit-admin\target\classes started by Administrator in C:\Users\Administrator\Desktop\xlzp)
15:19:13.051 [restartedMain] INFO  c.u.RuoYiApplication - [logStartupProfileInfo,686] - The following 1 profile is active: "prod"
15:19:13.063 [background-preinit] INFO  o.h.v.i.util.Version - [<clinit>,21] - HV000001: Hibernate Validator 6.2.3.Final
15:19:16.793 [restartedMain] INFO  o.a.c.h.Http11NioProtocol - [log,173] - Initializing ProtocolHandler ["http-nio-8090"]
15:19:16.794 [restartedMain] INFO  o.a.c.c.StandardService - [log,173] - Starting service [Tomcat]
15:19:16.794 [restartedMain] INFO  o.a.c.c.StandardEngine - [log,173] - Starting Servlet engine: [Apache Tomcat/9.0.63]
15:19:16.898 [restartedMain] INFO  o.a.c.c.C.[.[.[/] - [log,173] - Initializing Spring embedded WebApplicationContext
15:19:18.982 [restartedMain] INFO  c.a.d.p.DruidDataSource - [init,972] - {dataSource-1} inited
15:19:21.418 [restartedMain] INFO  o.q.i.StdSchedulerFactory - [instantiate,1220] - Using default implementation for ThreadExecutor
15:19:21.431 [restartedMain] INFO  o.q.c.SchedulerSignalerImpl - [<init>,61] - Initialized Scheduler Signaller of type: class org.quartz.core.SchedulerSignalerImpl
15:19:21.431 [restartedMain] INFO  o.q.c.QuartzScheduler - [<init>,229] - Quartz Scheduler v.2.3.2 created.
15:19:21.432 [restartedMain] INFO  o.q.s.RAMJobStore - [initialize,155] - RAMJobStore initialized.
15:19:21.433 [restartedMain] INFO  o.q.c.QuartzScheduler - [initialize,294] - Scheduler meta-data: Quartz Scheduler (v2.3.2) 'quartzScheduler' with instanceId 'NON_CLUSTERED'
  Scheduler class: 'org.quartz.core.QuartzScheduler' - running locally.
  NOT STARTED.
  Currently in standby mode.
  Number of jobs executed: 0
  Using thread pool 'org.quartz.simpl.SimpleThreadPool' - with 10 threads.
  Using job-store 'org.quartz.simpl.RAMJobStore' - which does not support persistence. and is not clustered.

15:19:21.433 [restartedMain] INFO  o.q.i.StdSchedulerFactory - [instantiate,1374] - Quartz scheduler 'quartzScheduler' initialized from an externally provided properties instance.
15:19:21.433 [restartedMain] INFO  o.q.i.StdSchedulerFactory - [instantiate,1378] - Quartz scheduler version: 2.3.2
15:19:21.433 [restartedMain] INFO  o.q.c.QuartzScheduler - [setJobFactory,2293] - JobFactory set to: org.springframework.scheduling.quartz.SpringBeanJobFactory@27edf958
15:19:23.428 [restartedMain] INFO  o.a.c.h.Http11NioProtocol - [log,173] - Starting ProtocolHandler ["http-nio-8090"]
15:19:23.737 [restartedMain] INFO  o.q.c.QuartzScheduler - [start,547] - Scheduler quartzScheduler_$_NON_CLUSTERED started.
15:19:23.747 [restartedMain] INFO  c.u.RuoYiApplication - [logStarted,61] - Started RuoYiApplication in 11.408 seconds (JVM running for 13.55)
15:26:35.188 [SpringApplicationShutdownHook] INFO  o.q.c.QuartzScheduler - [standby,585] - Scheduler quartzScheduler_$_NON_CLUSTERED paused.
15:26:35.564 [SpringApplicationShutdownHook] INFO  o.q.c.QuartzScheduler - [shutdown,666] - Scheduler quartzScheduler_$_NON_CLUSTERED shutting down.
15:26:35.564 [SpringApplicationShutdownHook] INFO  o.q.c.QuartzScheduler - [standby,585] - Scheduler quartzScheduler_$_NON_CLUSTERED paused.
15:26:35.565 [SpringApplicationShutdownHook] INFO  o.q.c.QuartzScheduler - [shutdown,740] - Scheduler quartzScheduler_$_NON_CLUSTERED shutdown complete.
15:26:35.565 [SpringApplicationShutdownHook] INFO  sys-user - [shutdownAsyncManager,28] - ====关闭后台任务任务线程池====
15:26:35.570 [SpringApplicationShutdownHook] INFO  c.a.d.p.DruidDataSource - [close,2051] - {dataSource-1} closing ...
15:26:35.581 [SpringApplicationShutdownHook] INFO  c.a.d.p.DruidDataSource - [close,2124] - {dataSource-1} closed
15:26:42.478 [restartedMain] INFO  c.u.RuoYiApplication - [logStarting,55] - Starting RuoYiApplication using Java 1.8.0_432 on PC-20231006VALD with PID 10744 (C:\Users\Administrator\Desktop\xlzp\service\ueit-admin\target\classes started by Administrator in C:\Users\Administrator\Desktop\xlzp)
15:26:42.484 [restartedMain] INFO  c.u.RuoYiApplication - [logStartupProfileInfo,686] - The following 1 profile is active: "prod"
15:26:42.488 [background-preinit] INFO  o.h.v.i.util.Version - [<clinit>,21] - HV000001: Hibernate Validator 6.2.3.Final
15:26:47.197 [restartedMain] INFO  o.a.c.h.Http11NioProtocol - [log,173] - Initializing ProtocolHandler ["http-nio-8090"]
15:26:47.198 [restartedMain] INFO  o.a.c.c.StandardService - [log,173] - Starting service [Tomcat]
15:26:47.199 [restartedMain] INFO  o.a.c.c.StandardEngine - [log,173] - Starting Servlet engine: [Apache Tomcat/9.0.63]
15:26:47.341 [restartedMain] INFO  o.a.c.c.C.[.[.[/] - [log,173] - Initializing Spring embedded WebApplicationContext
15:26:50.178 [restartedMain] INFO  c.a.d.p.DruidDataSource - [init,972] - {dataSource-1} inited
15:26:52.898 [restartedMain] INFO  o.q.i.StdSchedulerFactory - [instantiate,1220] - Using default implementation for ThreadExecutor
15:26:52.910 [restartedMain] INFO  o.q.c.SchedulerSignalerImpl - [<init>,61] - Initialized Scheduler Signaller of type: class org.quartz.core.SchedulerSignalerImpl
15:26:52.910 [restartedMain] INFO  o.q.c.QuartzScheduler - [<init>,229] - Quartz Scheduler v.2.3.2 created.
15:26:52.911 [restartedMain] INFO  o.q.s.RAMJobStore - [initialize,155] - RAMJobStore initialized.
15:26:52.912 [restartedMain] INFO  o.q.c.QuartzScheduler - [initialize,294] - Scheduler meta-data: Quartz Scheduler (v2.3.2) 'quartzScheduler' with instanceId 'NON_CLUSTERED'
  Scheduler class: 'org.quartz.core.QuartzScheduler' - running locally.
  NOT STARTED.
  Currently in standby mode.
  Number of jobs executed: 0
  Using thread pool 'org.quartz.simpl.SimpleThreadPool' - with 10 threads.
  Using job-store 'org.quartz.simpl.RAMJobStore' - which does not support persistence. and is not clustered.

15:26:52.913 [restartedMain] INFO  o.q.i.StdSchedulerFactory - [instantiate,1374] - Quartz scheduler 'quartzScheduler' initialized from an externally provided properties instance.
15:26:52.913 [restartedMain] INFO  o.q.i.StdSchedulerFactory - [instantiate,1378] - Quartz scheduler version: 2.3.2
15:26:52.913 [restartedMain] INFO  o.q.c.QuartzScheduler - [setJobFactory,2293] - JobFactory set to: org.springframework.scheduling.quartz.SpringBeanJobFactory@73a97b54
15:26:55.074 [restartedMain] INFO  o.a.c.h.Http11NioProtocol - [log,173] - Starting ProtocolHandler ["http-nio-8090"]
15:26:55.488 [restartedMain] INFO  o.q.c.QuartzScheduler - [start,547] - Scheduler quartzScheduler_$_NON_CLUSTERED started.
15:26:55.500 [restartedMain] INFO  c.u.RuoYiApplication - [logStarted,61] - Started RuoYiApplication in 13.926 seconds (JVM running for 16.363)
15:32:29.026 [SpringApplicationShutdownHook] INFO  o.q.c.QuartzScheduler - [standby,585] - Scheduler quartzScheduler_$_NON_CLUSTERED paused.
15:32:29.406 [SpringApplicationShutdownHook] INFO  o.q.c.QuartzScheduler - [shutdown,666] - Scheduler quartzScheduler_$_NON_CLUSTERED shutting down.
15:32:29.406 [SpringApplicationShutdownHook] INFO  o.q.c.QuartzScheduler - [standby,585] - Scheduler quartzScheduler_$_NON_CLUSTERED paused.
15:32:29.407 [SpringApplicationShutdownHook] INFO  o.q.c.QuartzScheduler - [shutdown,740] - Scheduler quartzScheduler_$_NON_CLUSTERED shutdown complete.
15:32:29.407 [SpringApplicationShutdownHook] INFO  sys-user - [shutdownAsyncManager,28] - ====关闭后台任务任务线程池====
15:32:29.414 [SpringApplicationShutdownHook] INFO  c.a.d.p.DruidDataSource - [close,2051] - {dataSource-1} closing ...
15:32:29.423 [SpringApplicationShutdownHook] INFO  c.a.d.p.DruidDataSource - [close,2124] - {dataSource-1} closed
