20:31:49.741 [restartedMain] INFO  c.u.RuoYiApplication - [logStarting,55] - Starting RuoYiApplication using Java 1.8.0_432 on PC-20231006VALD with PID 14304 (C:\Users\Administrator\Desktop\xlzp\service\ueit-admin\target\classes started by Administrator in C:\Users\Administrator\Desktop\xlzp)
20:31:49.744 [background-preinit] INFO  o.h.v.i.util.Version - [<clinit>,21] - HV000001: Hibernate Validator 6.2.3.Final
20:31:49.748 [restartedMain] INFO  c.u.RuoYiApplication - [logStartupProfileInfo,686] - The following 1 profile is active: "prod"
20:31:53.137 [restartedMain] INFO  o.a.c.h.Http11NioProtocol - [log,173] - Initializing ProtocolHandler ["http-nio-8080"]
20:31:53.138 [restartedMain] INFO  o.a.c.c.StandardService - [log,173] - Starting service [Tomcat]
20:31:53.138 [restartedMain] INFO  o.a.c.c.StandardEngine - [log,173] - Starting Servlet engine: [Apache Tomcat/9.0.63]
20:31:53.231 [restartedMain] INFO  o.a.c.c.C.[.[.[/] - [log,173] - Initializing Spring embedded WebApplicationContext
20:31:55.292 [restartedMain] INFO  c.a.d.p.DruidDataSource - [init,972] - {dataSource-1} inited
20:31:57.504 [restartedMain] INFO  o.q.i.StdSchedulerFactory - [instantiate,1220] - Using default implementation for ThreadExecutor
20:31:57.519 [restartedMain] INFO  o.q.c.SchedulerSignalerImpl - [<init>,61] - Initialized Scheduler Signaller of type: class org.quartz.core.SchedulerSignalerImpl
20:31:57.520 [restartedMain] INFO  o.q.c.QuartzScheduler - [<init>,229] - Quartz Scheduler v.2.3.2 created.
20:31:57.521 [restartedMain] INFO  o.q.s.RAMJobStore - [initialize,155] - RAMJobStore initialized.
20:31:57.521 [restartedMain] INFO  o.q.c.QuartzScheduler - [initialize,294] - Scheduler meta-data: Quartz Scheduler (v2.3.2) 'quartzScheduler' with instanceId 'NON_CLUSTERED'
  Scheduler class: 'org.quartz.core.QuartzScheduler' - running locally.
  NOT STARTED.
  Currently in standby mode.
  Number of jobs executed: 0
  Using thread pool 'org.quartz.simpl.SimpleThreadPool' - with 10 threads.
  Using job-store 'org.quartz.simpl.RAMJobStore' - which does not support persistence. and is not clustered.

20:31:57.522 [restartedMain] INFO  o.q.i.StdSchedulerFactory - [instantiate,1374] - Quartz scheduler 'quartzScheduler' initialized from an externally provided properties instance.
20:31:57.522 [restartedMain] INFO  o.q.i.StdSchedulerFactory - [instantiate,1378] - Quartz scheduler version: 2.3.2
20:31:57.522 [restartedMain] INFO  o.q.c.QuartzScheduler - [setJobFactory,2293] - JobFactory set to: org.springframework.scheduling.quartz.SpringBeanJobFactory@740412c0
20:31:59.622 [restartedMain] INFO  o.a.c.h.Http11NioProtocol - [log,173] - Starting ProtocolHandler ["http-nio-8080"]
20:31:59.943 [restartedMain] INFO  o.q.c.QuartzScheduler - [start,547] - Scheduler quartzScheduler_$_NON_CLUSTERED started.
20:31:59.954 [restartedMain] INFO  c.u.RuoYiApplication - [logStarted,61] - Started RuoYiApplication in 10.746 seconds (JVM running for 12.24)
20:35:15.761 [http-nio-8080-exec-1] INFO  o.a.c.c.C.[.[.[/] - [log,173] - Initializing Spring DispatcherServlet 'dispatcherServlet'
20:35:31.568 [schedule-pool-1] INFO  sys-user - [run,52] - [127.0.0.1]内网IP[admin][Success][登录成功]
